build 3rd-party software ...
mpiifort -c  -O2 -O3 -xMIC-AVX512 -r8 -fpconstant -fpp -DMPI -DUNDERSCORE -DTIMER -I/lcrc/project/wall_bounded_flows/vpuri/Nek5000-v17/run/wavyWall/rww-nofilt/sr2-nely24 -I/lcrc/project/wall_bounded_flows/vpuri/Nek5000-v17/core -I./ /lcrc/project/wall_bounded_flows/vpuri/Nek5000-v17/core/drive.f -o obj/drive.o
mpiifort -c  -O2 -O3 -xMIC-AVX512 -r8 -fpconstant -fpp -DMPI -DUNDERSCORE -DTIMER -I/lcrc/project/wall_bounded_flows/vpuri/Nek5000-v17/run/wavyWall/rww-nofilt/sr2-nely24 -I/lcrc/project/wall_bounded_flows/vpuri/Nek5000-v17/core -I./ /lcrc/project/wall_bounded_flows/vpuri/Nek5000-v17/core/drive1.f -o obj/drive1.o
mpiifort -c  -O2 -O3 -xMIC-AVX512 -r8 -fpconstant -fpp -DMPI -DUNDERSCORE -DTIMER -I/lcrc/project/wall_bounded_flows/vpuri/Nek5000-v17/run/wavyWall/rww-nofilt/sr2-nely24 -I/lcrc/project/wall_bounded_flows/vpuri/Nek5000-v17/core -I./ /lcrc/project/wall_bounded_flows/vpuri/Nek5000-v17/core/drive2.f -o obj/drive2.o
mpiifort -c  -O2 -O3 -xMIC-AVX512 -r8 -fpconstant -fpp -DMPI -DUNDERSCORE -DTIMER -I/lcrc/project/wall_bounded_flows/vpuri/Nek5000-v17/run/wavyWall/rww-nofilt/sr2-nely24 -I/lcrc/project/wall_bounded_flows/vpuri/Nek5000-v17/core -I./ /lcrc/project/wall_bounded_flows/vpuri/Nek5000-v17/core/plan5.f -o obj/plan5.o
mpiifort -c  -O2 -O3 -xMIC-AVX512 -r8 -fpconstant -fpp -DMPI -DUNDERSCORE -DTIMER -I/lcrc/project/wall_bounded_flows/vpuri/Nek5000-v17/run/wavyWall/rww-nofilt/sr2-nely24 -I/lcrc/project/wall_bounded_flows/vpuri/Nek5000-v17/core -I./ /lcrc/project/wall_bounded_flows/vpuri/Nek5000-v17/core/plan4.f -o obj/plan4.o
mpiifort -c  -O2 -O3 -xMIC-AVX512 -r8 -fpconstant -fpp -DMPI -DUNDERSCORE -DTIMER -I/lcrc/project/wall_bounded_flows/vpuri/Nek5000-v17/run/wavyWall/rww-nofilt/sr2-nely24 -I/lcrc/project/wall_bounded_flows/vpuri/Nek5000-v17/core -I./ /lcrc/project/wall_bounded_flows/vpuri/Nek5000-v17/core/bdry.f -o obj/bdry.o
mpiifort -c  -O2 -O3 -xMIC-AVX512 -r8 -fpconstant -fpp -DMPI -DUNDERSCORE -DTIMER -I/lcrc/project/wall_bounded_flows/vpuri/Nek5000-v17/run/wavyWall/rww-nofilt/sr2-nely24 -I/lcrc/project/wall_bounded_flows/vpuri/Nek5000-v17/core -I./ /lcrc/project/wall_bounded_flows/vpuri/Nek5000-v17/core/coef.f -o obj/coef.o
mpiifort -c  -O2 -O3 -xMIC-AVX512 -r8 -fpconstant -fpp -DMPI -DUNDERSCORE -DTIMER -I/lcrc/project/wall_bounded_flows/vpuri/Nek5000-v17/run/wavyWall/rww-nofilt/sr2-nely24 -I/lcrc/project/wall_bounded_flows/vpuri/Nek5000-v17/core -I./ /lcrc/project/wall_bounded_flows/vpuri/Nek5000-v17/core/conduct.f -o obj/conduct.o
mpiifort -c  -O2 -O3 -xMIC-AVX512 -r8 -fpconstant -fpp -DMPI -DUNDERSCORE -DTIMER -I/lcrc/project/wall_bounded_flows/vpuri/Nek5000-v17/run/wavyWall/rww-nofilt/sr2-nely24 -I/lcrc/project/wall_bounded_flows/vpuri/Nek5000-v17/core -I./ /lcrc/project/wall_bounded_flows/vpuri/Nek5000-v17/core/connect1.f -o obj/connect1.o
mpiifort -c  -O2 -O3 -xMIC-AVX512 -r8 -fpconstant -fpp -DMPI -DUNDERSCORE -DTIMER -I/lcrc/project/wall_bounded_flows/vpuri/Nek5000-v17/run/wavyWall/rww-nofilt/sr2-nely24 -I/lcrc/project/wall_bounded_flows/vpuri/Nek5000-v17/core -I./ /lcrc/project/wall_bounded_flows/vpuri/Nek5000-v17/core/connect2.f -o obj/connect2.o
mpiifort -c  -O2 -O3 -xMIC-AVX512 -r8 -fpconstant -fpp -DMPI -DUNDERSCORE -DTIMER -I/lcrc/project/wall_bounded_flows/vpuri/Nek5000-v17/run/wavyWall/rww-nofilt/sr2-nely24 -I/lcrc/project/wall_bounded_flows/vpuri/Nek5000-v17/core -I./ /lcrc/project/wall_bounded_flows/vpuri/Nek5000-v17/core/dssum.f -o obj/dssum.o
mpiifort -c  -O2 -O3 -xMIC-AVX512 -r8 -fpconstant -fpp -DMPI -DUNDERSCORE -DTIMER -I/lcrc/project/wall_bounded_flows/vpuri/Nek5000-v17/run/wavyWall/rww-nofilt/sr2-nely24 -I/lcrc/project/wall_bounded_flows/vpuri/Nek5000-v17/core -I./ /lcrc/project/wall_bounded_flows/vpuri/Nek5000-v17/core/edgec.f -o obj/edgec.o
mpiifort -c  -O2 -O3 -xMIC-AVX512 -r8 -fpconstant -fpp -DMPI -DUNDERSCORE -DTIMER -I/lcrc/project/wall_bounded_flows/vpuri/Nek5000-v17/run/wavyWall/rww-nofilt/sr2-nely24 -I/lcrc/project/wall_bounded_flows/vpuri/Nek5000-v17/core -I./ /lcrc/project/wall_bounded_flows/vpuri/Nek5000-v17/core/eigsolv.f -o obj/eigsolv.o
mpiifort -c  -O2 -O3 -xMIC-AVX512 -r8 -fpconstant -fpp -DMPI -DUNDERSCORE -DTIMER -I/lcrc/project/wall_bounded_flows/vpuri/Nek5000-v17/run/wavyWall/rww-nofilt/sr2-nely24 -I/lcrc/project/wall_bounded_flows/vpuri/Nek5000-v17/core -I./ /lcrc/project/wall_bounded_flows/vpuri/Nek5000-v17/core/gauss.f -o obj/gauss.o
mpiifort -c  -O2 -O3 -xMIC-AVX512 -r8 -fpconstant -fpp -DMPI -DUNDERSCORE -DTIMER -I/lcrc/project/wall_bounded_flows/vpuri/Nek5000-v17/run/wavyWall/rww-nofilt/sr2-nely24 -I/lcrc/project/wall_bounded_flows/vpuri/Nek5000-v17/core -I./ /lcrc/project/wall_bounded_flows/vpuri/Nek5000-v17/core/genxyz.f -o obj/genxyz.o
mpiifort -c  -O2 -O3 -xMIC-AVX512 -r8 -fpconstant -fpp -DMPI -DUNDERSCORE -DTIMER -I/lcrc/project/wall_bounded_flows/vpuri/Nek5000-v17/run/wavyWall/rww-nofilt/sr2-nely24 -I/lcrc/project/wall_bounded_flows/vpuri/Nek5000-v17/core -I./ /lcrc/project/wall_bounded_flows/vpuri/Nek5000-v17/core/navier1.f -o obj/navier1.o
mpiifort -c  -O2 -O3 -xMIC-AVX512 -r8 -fpconstant -fpp -DMPI -DUNDERSCORE -DTIMER -I/lcrc/project/wall_bounded_flows/vpuri/Nek5000-v17/run/wavyWall/rww-nofilt/sr2-nely24 -I/lcrc/project/wall_bounded_flows/vpuri/Nek5000-v17/core -I./ /lcrc/project/wall_bounded_flows/vpuri/Nek5000-v17/core/makeq.f -o obj/makeq.o
mpiifort -c  -O2 -O3 -xMIC-AVX512 -r8 -fpconstant -fpp -DMPI -DUNDERSCORE -DTIMER -I/lcrc/project/wall_bounded_flows/vpuri/Nek5000-v17/run/wavyWall/rww-nofilt/sr2-nely24 -I/lcrc/project/wall_bounded_flows/vpuri/Nek5000-v17/core -I./ /lcrc/project/wall_bounded_flows/vpuri/Nek5000-v17/core/navier0.f -o obj/navier0.o
mpiifort -c  -O2 -O3 -xMIC-AVX512 -r8 -fpconstant -fpp -DMPI -DUNDERSCORE -DTIMER -I/lcrc/project/wall_bounded_flows/vpuri/Nek5000-v17/run/wavyWall/rww-nofilt/sr2-nely24 -I/lcrc/project/wall_bounded_flows/vpuri/Nek5000-v17/core -I./ /lcrc/project/wall_bounded_flows/vpuri/Nek5000-v17/core/navier2.f -o obj/navier2.o
mpiifort -c  -O2 -O3 -xMIC-AVX512 -r8 -fpconstant -fpp -DMPI -DUNDERSCORE -DTIMER -I/lcrc/project/wall_bounded_flows/vpuri/Nek5000-v17/run/wavyWall/rww-nofilt/sr2-nely24 -I/lcrc/project/wall_bounded_flows/vpuri/Nek5000-v17/core -I./ /lcrc/project/wall_bounded_flows/vpuri/Nek5000-v17/core/navier3.f -o obj/navier3.o
/lcrc/project/wall_bounded_flows/vpuri/Nek5000-v17/core/navier1.f(3253): warning #6371: A jump into a block from outside the block may have occurred.   [101]
      if (.not. ifdeal(ifield)) goto 101
-------------------------------------^
mpiifort -c  -O2 -O3 -xMIC-AVX512 -r8 -fpconstant -fpp -DMPI -DUNDERSCORE -DTIMER -I/lcrc/project/wall_bounded_flows/vpuri/Nek5000-v17/run/wavyWall/rww-nofilt/sr2-nely24 -I/lcrc/project/wall_bounded_flows/vpuri/Nek5000-v17/core -I./ /lcrc/project/wall_bounded_flows/vpuri/Nek5000-v17/core/navier4.f -o obj/navier4.o
mpiifort -c  -O2 -O3 -xMIC-AVX512 -r8 -fpconstant -fpp -DMPI -DUNDERSCORE -DTIMER -I/lcrc/project/wall_bounded_flows/vpuri/Nek5000-v17/run/wavyWall/rww-nofilt/sr2-nely24 -I/lcrc/project/wall_bounded_flows/vpuri/Nek5000-v17/core -I./ /lcrc/project/wall_bounded_flows/vpuri/Nek5000-v17/core/prepost.f -o obj/prepost.o
mpiifort -c  -O2 -O3 -xMIC-AVX512 -r8 -fpconstant -fpp -DMPI -DUNDERSCORE -DTIMER -I/lcrc/project/wall_bounded_flows/vpuri/Nek5000-v17/run/wavyWall/rww-nofilt/sr2-nely24 -I/lcrc/project/wall_bounded_flows/vpuri/Nek5000-v17/core -I./ /lcrc/project/wall_bounded_flows/vpuri/Nek5000-v17/core/speclib.f -o obj/speclib.o
mpiifort -c  -O2 -O3 -xMIC-AVX512 -r8 -fpconstant -fpp -DMPI -DUNDERSCORE -DTIMER -I/lcrc/project/wall_bounded_flows/vpuri/Nek5000-v17/run/wavyWall/rww-nofilt/sr2-nely24 -I/lcrc/project/wall_bounded_flows/vpuri/Nek5000-v17/core -I./ /lcrc/project/wall_bounded_flows/vpuri/Nek5000-v17/core/map2.f -o obj/map2.o
mpiifort -c  -O2 -O3 -xMIC-AVX512 -r8 -fpconstant -fpp -DMPI -DUNDERSCORE -DTIMER -I/lcrc/project/wall_bounded_flows/vpuri/Nek5000-v17/run/wavyWall/rww-nofilt/sr2-nely24 -I/lcrc/project/wall_bounded_flows/vpuri/Nek5000-v17/core -I./ /lcrc/project/wall_bounded_flows/vpuri/Nek5000-v17/core/mvmesh.f -o obj/mvmesh.o
mpiifort -c  -O2 -O3 -xMIC-AVX512 -r8 -fpconstant -fpp -DMPI -DUNDERSCORE -DTIMER -I/lcrc/project/wall_bounded_flows/vpuri/Nek5000-v17/run/wavyWall/rww-nofilt/sr2-nely24 -I/lcrc/project/wall_bounded_flows/vpuri/Nek5000-v17/core -I./ /lcrc/project/wall_bounded_flows/vpuri/Nek5000-v17/core/ic.f -o obj/ic.o
mpiifort -c  -O2 -O3 -xMIC-AVX512 -r8 -fpconstant -fpp -DMPI -DUNDERSCORE -DTIMER -I/lcrc/project/wall_bounded_flows/vpuri/Nek5000-v17/run/wavyWall/rww-nofilt/sr2-nely24 -I/lcrc/project/wall_bounded_flows/vpuri/Nek5000-v17/core -I./ /lcrc/project/wall_bounded_flows/vpuri/Nek5000-v17/core/gfldr.f -o obj/gfldr.o
mpiifort -c  -O2 -O3 -xMIC-AVX512 -r8 -fpconstant -fpp -DMPI -DUNDERSCORE -DTIMER -I/lcrc/project/wall_bounded_flows/vpuri/Nek5000-v17/run/wavyWall/rww-nofilt/sr2-nely24 -I/lcrc/project/wall_bounded_flows/vpuri/Nek5000-v17/core -I./ /lcrc/project/wall_bounded_flows/vpuri/Nek5000-v17/core/ssolv.f -o obj/ssolv.o
/lcrc/project/wall_bounded_flows/vpuri/Nek5000-v17/core/gfldr.f(149): remark #8291: Recommended relationship between field width 'W' and the number of fractional digits 'D' in this edit descriptor is 'W>=D+7'.
      if(nio.eq.0) write(6,'(A,1(1g8.2),A)')
-----------------------------------^
mpiifort -c  -O2 -O3 -xMIC-AVX512 -r8 -fpconstant -fpp -DMPI -DUNDERSCORE -DTIMER -I/lcrc/project/wall_bounded_flows/vpuri/Nek5000-v17/run/wavyWall/rww-nofilt/sr2-nely24 -I/lcrc/project/wall_bounded_flows/vpuri/Nek5000-v17/core -I./ /lcrc/project/wall_bounded_flows/vpuri/Nek5000-v17/core/planx.f -o obj/planx.o
mpiifort -c  -O3 -O3 -xMIC-AVX512 -r8 -fpconstant -fpp -DMPI -DUNDERSCORE -DTIMER -I/lcrc/project/wall_bounded_flows/vpuri/Nek5000-v17/run/wavyWall/rww-nofilt/sr2-nely24 -I/lcrc/project/wall_bounded_flows/vpuri/Nek5000-v17/core -I./ /lcrc/project/wall_bounded_flows/vpuri/Nek5000-v17/core/math.f -o obj/math.o
mpiifort -c  -O2 -O3 -xMIC-AVX512 -r8 -fpconstant -fpp -DMPI -DUNDERSCORE -DTIMER -I/lcrc/project/wall_bounded_flows/vpuri/Nek5000-v17/run/wavyWall/rww-nofilt/sr2-nely24 -I/lcrc/project/wall_bounded_flows/vpuri/Nek5000-v17/core -I./ /lcrc/project/wall_bounded_flows/vpuri/Nek5000-v17/core/mxm_wrapper.f -o obj/mxm_wrapper.o 
mpiifort -c  -O2 -O3 -xMIC-AVX512 -r8 -fpconstant -fpp -DMPI -DUNDERSCORE -DTIMER -I/lcrc/project/wall_bounded_flows/vpuri/Nek5000-v17/run/wavyWall/rww-nofilt/sr2-nely24 -I/lcrc/project/wall_bounded_flows/vpuri/Nek5000-v17/core -I./ /lcrc/project/wall_bounded_flows/vpuri/Nek5000-v17/core/hmholtz.f -o obj/hmholtz.o
mpiifort -c  -O2 -O3 -xMIC-AVX512 -r8 -fpconstant -fpp -DMPI -DUNDERSCORE -DTIMER -I/lcrc/project/wall_bounded_flows/vpuri/Nek5000-v17/run/wavyWall/rww-nofilt/sr2-nely24 -I/lcrc/project/wall_bounded_flows/vpuri/Nek5000-v17/core -I./ /lcrc/project/wall_bounded_flows/vpuri/Nek5000-v17/core/gfdm_par.f -o obj/gfdm_par.o
mpiifort -c  -O2 -O3 -xMIC-AVX512 -r8 -fpconstant -fpp -DMPI -DUNDERSCORE -DTIMER -I/lcrc/project/wall_bounded_flows/vpuri/Nek5000-v17/run/wavyWall/rww-nofilt/sr2-nely24 -I/lcrc/project/wall_bounded_flows/vpuri/Nek5000-v17/core -I./ /lcrc/project/wall_bounded_flows/vpuri/Nek5000-v17/core/gfdm_op.f -o obj/gfdm_op.o
mpiifort -c  -O2 -O3 -xMIC-AVX512 -r8 -fpconstant -fpp -DMPI -DUNDERSCORE -DTIMER -I/lcrc/project/wall_bounded_flows/vpuri/Nek5000-v17/run/wavyWall/rww-nofilt/sr2-nely24 -I/lcrc/project/wall_bounded_flows/vpuri/Nek5000-v17/core -I./ /lcrc/project/wall_bounded_flows/vpuri/Nek5000-v17/core/gfdm_solve.f -o obj/gfdm_solve.o
mpiifort -c  -O2 -O3 -xMIC-AVX512 -r8 -fpconstant -fpp -DMPI -DUNDERSCORE -DTIMER -I/lcrc/project/wall_bounded_flows/vpuri/Nek5000-v17/run/wavyWall/rww-nofilt/sr2-nely24 -I/lcrc/project/wall_bounded_flows/vpuri/Nek5000-v17/core -I./ /lcrc/project/wall_bounded_flows/vpuri/Nek5000-v17/core/subs1.f -o obj/subs1.o
mpiifort -c  -O2 -O3 -xMIC-AVX512 -r8 -fpconstant -fpp -DMPI -DUNDERSCORE -DTIMER -I/lcrc/project/wall_bounded_flows/vpuri/Nek5000-v17/run/wavyWall/rww-nofilt/sr2-nely24 -I/lcrc/project/wall_bounded_flows/vpuri/Nek5000-v17/core -I./ /lcrc/project/wall_bounded_flows/vpuri/Nek5000-v17/core/subs2.f -o obj/subs2.o
mpiifort -c  -O2 -O3 -xMIC-AVX512 -r8 -fpconstant -fpp -DMPI -DUNDERSCORE -DTIMER -I/lcrc/project/wall_bounded_flows/vpuri/Nek5000-v17/run/wavyWall/rww-nofilt/sr2-nely24 -I/lcrc/project/wall_bounded_flows/vpuri/Nek5000-v17/core -I./ /lcrc/project/wall_bounded_flows/vpuri/Nek5000-v17/core/genbox.f -o obj/genbox.o
mpiifort -c  -O2 -O3 -xMIC-AVX512 -r8 -fpconstant -fpp -DMPI -DUNDERSCORE -DTIMER -I/lcrc/project/wall_bounded_flows/vpuri/Nek5000-v17/run/wavyWall/rww-nofilt/sr2-nely24 -I/lcrc/project/wall_bounded_flows/vpuri/Nek5000-v17/core -I./ /lcrc/project/wall_bounded_flows/vpuri/Nek5000-v17/core/gmres.f -o obj/gmres.o
mpiifort -c  -O2 -O3 -xMIC-AVX512 -r8 -fpconstant -fpp -DMPI -DUNDERSCORE -DTIMER -I/lcrc/project/wall_bounded_flows/vpuri/Nek5000-v17/run/wavyWall/rww-nofilt/sr2-nely24 -I/lcrc/project/wall_bounded_flows/vpuri/Nek5000-v17/core -I./ /lcrc/project/wall_bounded_flows/vpuri/Nek5000-v17/core/hsmg.f -o obj/hsmg.o
mpiifort -c  -O2 -O3 -xMIC-AVX512 -r8 -fpconstant -fpp -DMPI -DUNDERSCORE -DTIMER -I/lcrc/project/wall_bounded_flows/vpuri/Nek5000-v17/run/wavyWall/rww-nofilt/sr2-nely24 -I/lcrc/project/wall_bounded_flows/vpuri/Nek5000-v17/core -I./ /lcrc/project/wall_bounded_flows/vpuri/Nek5000-v17/core/convect.f -o obj/convect.o
mpiifort -c  -O2 -O3 -xMIC-AVX512 -r8 -fpconstant -fpp -DMPI -DUNDERSCORE -DTIMER -I/lcrc/project/wall_bounded_flows/vpuri/Nek5000-v17/run/wavyWall/rww-nofilt/sr2-nely24 -I/lcrc/project/wall_bounded_flows/vpuri/Nek5000-v17/core -I./ /lcrc/project/wall_bounded_flows/vpuri/Nek5000-v17/core/induct.f -o obj/induct.o
mpiifort -c  -O2 -O3 -xMIC-AVX512 -r8 -fpconstant -fpp -DMPI -DUNDERSCORE -DTIMER -I/lcrc/project/wall_bounded_flows/vpuri/Nek5000-v17/run/wavyWall/rww-nofilt/sr2-nely24 -I/lcrc/project/wall_bounded_flows/vpuri/Nek5000-v17/core -I./ /lcrc/project/wall_bounded_flows/vpuri/Nek5000-v17/core/perturb.f -o obj/perturb.o
mpiifort -c  -O2 -O3 -xMIC-AVX512 -r8 -fpconstant -fpp -DMPI -DUNDERSCORE -DTIMER -I/lcrc/project/wall_bounded_flows/vpuri/Nek5000-v17/run/wavyWall/rww-nofilt/sr2-nely24 -I/lcrc/project/wall_bounded_flows/vpuri/Nek5000-v17/core -I./ /lcrc/project/wall_bounded_flows/vpuri/Nek5000-v17/core/navier5.f -o obj/navier5.o
mpiifort -c  -O2 -O3 -xMIC-AVX512 -r8 -fpconstant -fpp -DMPI -DUNDERSCORE -DTIMER -I/lcrc/project/wall_bounded_flows/vpuri/Nek5000-v17/run/wavyWall/rww-nofilt/sr2-nely24 -I/lcrc/project/wall_bounded_flows/vpuri/Nek5000-v17/core -I./ /lcrc/project/wall_bounded_flows/vpuri/Nek5000-v17/core/navier6.f -o obj/navier6.o
mpiifort -c  -O2 -O3 -xMIC-AVX512 -r8 -fpconstant -fpp -DMPI -DUNDERSCORE -DTIMER -I/lcrc/project/wall_bounded_flows/vpuri/Nek5000-v17/run/wavyWall/rww-nofilt/sr2-nely24 -I/lcrc/project/wall_bounded_flows/vpuri/Nek5000-v17/core -I./ /lcrc/project/wall_bounded_flows/vpuri/Nek5000-v17/core/navier7.f -o obj/navier7.o
mpiifort -c  -O2 -O3 -xMIC-AVX512 -r8 -fpconstant -fpp -DMPI -DUNDERSCORE -DTIMER -I/lcrc/project/wall_bounded_flows/vpuri/Nek5000-v17/run/wavyWall/rww-nofilt/sr2-nely24 -I/lcrc/project/wall_bounded_flows/vpuri/Nek5000-v17/core -I./ /lcrc/project/wall_bounded_flows/vpuri/Nek5000-v17/core/navier8.f -o obj/navier8.o
mpiifort -c  -O2 -O3 -xMIC-AVX512 -r8 -fpconstant -fpp -DMPI -DUNDERSCORE -DTIMER -I/lcrc/project/wall_bounded_flows/vpuri/Nek5000-v17/run/wavyWall/rww-nofilt/sr2-nely24 -I/lcrc/project/wall_bounded_flows/vpuri/Nek5000-v17/core -I./ /lcrc/project/wall_bounded_flows/vpuri/Nek5000-v17/core/fast3d.f -o obj/fast3d.o
mpiifort -c  -O2 -O3 -xMIC-AVX512 -r8 -fpconstant -fpp -DMPI -DUNDERSCORE -DTIMER -I/lcrc/project/wall_bounded_flows/vpuri/Nek5000-v17/run/wavyWall/rww-nofilt/sr2-nely24 -I/lcrc/project/wall_bounded_flows/vpuri/Nek5000-v17/core -I./ /lcrc/project/wall_bounded_flows/vpuri/Nek5000-v17/core/fasts.f -o obj/fasts.o
mpiifort -c  -O2 -O3 -xMIC-AVX512 -r8 -fpconstant -fpp -DMPI -DUNDERSCORE -DTIMER -I/lcrc/project/wall_bounded_flows/vpuri/Nek5000-v17/run/wavyWall/rww-nofilt/sr2-nely24 -I/lcrc/project/wall_bounded_flows/vpuri/Nek5000-v17/core -I./ /lcrc/project/wall_bounded_flows/vpuri/Nek5000-v17/core/calcz.f -o obj/calcz.o
mpiicc -c  -O2 -O3 -xMIC-AVX512 -DMPI -DUNDERSCORE -DTIMER /lcrc/project/wall_bounded_flows/vpuri/Nek5000-v17/core/byte.c -o obj/byte.o
mpiicc -c  -O2 -O3 -xMIC-AVX512 -DMPI -DUNDERSCORE -DTIMER /lcrc/project/wall_bounded_flows/vpuri/Nek5000-v17/core/chelpers.c -o obj/chelpers.o
mpiifort -c  -O2 -O3 -xMIC-AVX512 -r8 -fpconstant -fpp -DMPI -DUNDERSCORE -DTIMER -I/lcrc/project/wall_bounded_flows/vpuri/Nek5000-v17/run/wavyWall/rww-nofilt/sr2-nely24 -I/lcrc/project/wall_bounded_flows/vpuri/Nek5000-v17/core -I./ /lcrc/project/wall_bounded_flows/vpuri/Nek5000-v17/core/byte_mpi.f -o obj/byte_mpi.o
mpiifort -c  -O2 -O3 -xMIC-AVX512 -r8 -fpconstant -fpp -DMPI -DUNDERSCORE -DTIMER -I/lcrc/project/wall_bounded_flows/vpuri/Nek5000-v17/run/wavyWall/rww-nofilt/sr2-nely24 -I/lcrc/project/wall_bounded_flows/vpuri/Nek5000-v17/core -I./ /lcrc/project/wall_bounded_flows/vpuri/Nek5000-v17/core/postpro.f -o obj/postpro.o
mpiifort -c  -O2 -O3 -xMIC-AVX512 -r8 -fpconstant -fpp -DMPI -DUNDERSCORE -DTIMER -I/lcrc/project/wall_bounded_flows/vpuri/Nek5000-v17/run/wavyWall/rww-nofilt/sr2-nely24 -I/lcrc/project/wall_bounded_flows/vpuri/Nek5000-v17/core -I./ /lcrc/project/wall_bounded_flows/vpuri/Nek5000-v17/core/intp_usr.f -o obj/intp_usr.o
mpiifort -c  -O2 -O3 -xMIC-AVX512 -r8 -fpconstant -fpp -DMPI -DUNDERSCORE -DTIMER -I/lcrc/project/wall_bounded_flows/vpuri/Nek5000-v17/run/wavyWall/rww-nofilt/sr2-nely24 -I/lcrc/project/wall_bounded_flows/vpuri/Nek5000-v17/core -I./ /lcrc/project/wall_bounded_flows/vpuri/Nek5000-v17/core/cvode_driver.f -o obj/cvode_driver.o
mpiicc -c  -O2 -O3 -xMIC-AVX512 -DMPI -DUNDERSCORE -DTIMER /lcrc/project/wall_bounded_flows/vpuri/Nek5000-v17/core/nek_comm.c -o obj/nek_comm.o
mpiifort -c  -O2 -O3 -xMIC-AVX512 -r8 -fpconstant -fpp -DMPI -DUNDERSCORE -DTIMER -I/lcrc/project/wall_bounded_flows/vpuri/Nek5000-v17/run/wavyWall/rww-nofilt/sr2-nely24 -I/lcrc/project/wall_bounded_flows/vpuri/Nek5000-v17/core -I./ /lcrc/project/wall_bounded_flows/vpuri/Nek5000-v17/core/vprops.f -o obj/vprops.o
mpiifort -c  -O2 -O3 -xMIC-AVX512 -r8 -fpconstant -fpp -DMPI -DUNDERSCORE -DTIMER -I/lcrc/project/wall_bounded_flows/vpuri/Nek5000-v17/run/wavyWall/rww-nofilt/sr2-nely24 -I/lcrc/project/wall_bounded_flows/vpuri/Nek5000-v17/core -I./ /lcrc/project/wall_bounded_flows/vpuri/Nek5000-v17/core/makeq_aux.f -o obj/makeq_aux.o
mpiifort -c  -O2 -O3 -xMIC-AVX512 -r8 -fpconstant -fpp -DMPI -DUNDERSCORE -DTIMER -I/lcrc/project/wall_bounded_flows/vpuri/Nek5000-v17/run/wavyWall/rww-nofilt/sr2-nely24 -I/lcrc/project/wall_bounded_flows/vpuri/Nek5000-v17/core -I./ /lcrc/project/wall_bounded_flows/vpuri/Nek5000-v17/core/papi.f -o obj/papi.o
mpiifort -c   -O2 -O3 -xMIC-AVX512 -r8 -fpconstant -fpp -DMPI -DUNDERSCORE -DTIMER -I/lcrc/project/wall_bounded_flows/vpuri/Nek5000-v17/run/wavyWall/rww-nofilt/sr2-nely24 -I/lcrc/project/wall_bounded_flows/vpuri/Nek5000-v17/core -I./ /lcrc/project/wall_bounded_flows/vpuri/Nek5000-v17/core/3rd_party/nek_in_situ.f -o obj/nek_in_situ.o
mpiifort -c  -O2 -O3 -xMIC-AVX512 -r8 -fpconstant -fpp -DMPI -DUNDERSCORE -DTIMER -I/lcrc/project/wall_bounded_flows/vpuri/Nek5000-v17/run/wavyWall/rww-nofilt/sr2-nely24 -I/lcrc/project/wall_bounded_flows/vpuri/Nek5000-v17/core -I./ /lcrc/project/wall_bounded_flows/vpuri/Nek5000-v17/core/reader_rea.f -o obj/reader_rea.o
mpiifort -c  -O2 -O3 -xMIC-AVX512 -r8 -fpconstant -fpp -DMPI -DUNDERSCORE -DTIMER -I/lcrc/project/wall_bounded_flows/vpuri/Nek5000-v17/run/wavyWall/rww-nofilt/sr2-nely24 -I/lcrc/project/wall_bounded_flows/vpuri/Nek5000-v17/core -I./ /lcrc/project/wall_bounded_flows/vpuri/Nek5000-v17/core/reader_par.f -o obj/reader_par.o
mpiifort -c  -O2 -O3 -xMIC-AVX512 -r8 -fpconstant -fpp -DMPI -DUNDERSCORE -DTIMER -I/lcrc/project/wall_bounded_flows/vpuri/Nek5000-v17/run/wavyWall/rww-nofilt/sr2-nely24 -I/lcrc/project/wall_bounded_flows/vpuri/Nek5000-v17/core -I./ /lcrc/project/wall_bounded_flows/vpuri/Nek5000-v17/core/reader_re2.f -o obj/reader_re2.o
/lcrc/project/wall_bounded_flows/vpuri/Nek5000-v17/core/reader_re2.f(61): remark #8291: Recommended relationship between field width 'W' and the number of fractional digits 'D' in this edit descriptor is 'W>=D+7'.
      if(nio.eq.0) write(6,'(A,1(1g8.2),A,/)')
-----------------------------------^
mpiicc  -c  -O2 -O3 -xMIC-AVX512 -DMPI -DUNDERSCORE -DTIMER  /lcrc/project/wall_bounded_flows/vpuri/Nek5000-v17/core/3rd_party/finiparser.c -o obj/finiparser.o
mpiicc  -c  -O2 -O3 -xMIC-AVX512 -DMPI -DUNDERSCORE -DTIMER  /lcrc/project/wall_bounded_flows/vpuri/Nek5000-v17/core/3rd_party/iniparser.c -o obj/iniparser.o
mpiicc  -c  -O2 -O3 -xMIC-AVX512 -DMPI -DUNDERSCORE -DTIMER  /lcrc/project/wall_bounded_flows/vpuri/Nek5000-v17/core/3rd_party/dictionary.c -o obj/dictionary.o
mpiifort -c  -O2 -O3 -xMIC-AVX512 -r8 -fpconstant -fpp -DMPI -DUNDERSCORE -DTIMER -I/lcrc/project/wall_bounded_flows/vpuri/Nek5000-v17/run/wavyWall/rww-nofilt/sr2-nely24 -I/lcrc/project/wall_bounded_flows/vpuri/Nek5000-v17/core -I./ /lcrc/project/wall_bounded_flows/vpuri/Nek5000-v17/core/hpf.f -o obj/hpf.o
mpiifort -c  -O3 -O3 -xMIC-AVX512 -r8 -fpconstant -fpp -DMPI -DUNDERSCORE -DTIMER -I/lcrc/project/wall_bounded_flows/vpuri/Nek5000-v17/run/wavyWall/rww-nofilt/sr2-nely24 -I/lcrc/project/wall_bounded_flows/vpuri/Nek5000-v17/core -I./ /lcrc/project/wall_bounded_flows/vpuri/Nek5000-v17/core/mxm_std.f -o obj/mxm_std.o
mpiifort -c  -O2 -O3 -xMIC-AVX512 -r8 -fpconstant -fpp -DMPI -DUNDERSCORE -DTIMER -I/lcrc/project/wall_bounded_flows/vpuri/Nek5000-v17/run/wavyWall/rww-nofilt/sr2-nely24 -I/lcrc/project/wall_bounded_flows/vpuri/Nek5000-v17/core -I./ /lcrc/project/wall_bounded_flows/vpuri/Nek5000-v17/core/comm_mpi.f -o obj/comm_mpi.o
mpiifort -c  -O2 -O3 -xMIC-AVX512 -r8 -fpconstant -fpp -DMPI -DUNDERSCORE -DTIMER -I/lcrc/project/wall_bounded_flows/vpuri/Nek5000-v17/run/wavyWall/rww-nofilt/sr2-nely24 -I/lcrc/project/wall_bounded_flows/vpuri/Nek5000-v17/core -I./ /lcrc/project/wall_bounded_flows/vpuri/Nek5000-v17/core/singlmesh.f -o obj/singlmesh.o
/lcrc/project/wall_bounded_flows/vpuri/Nek5000-v17/core/comm_mpi.f(89): remark #8291: Recommended relationship between field width 'W' and the number of fractional digits 'D' in this edit descriptor is 'W>=D+7'.
         WRITE(6,'(A,1pE8.2)') ' Timer accuracy      : ',edif
------------------------^
mpiifort -c  -O0 -DMPI -DUNDERSCORE -DTIMER /lcrc/project/wall_bounded_flows/vpuri/Nek5000-v17/core/3rd_party/blas.f -o obj/blas.o
mpiifort -c  -O0 -DMPI -DUNDERSCORE -DTIMER /lcrc/project/wall_bounded_flows/vpuri/Nek5000-v17/core/3rd_party/dsygv.f -o obj/dsygv.o
‘roughWavyWall.usr’ -> ‘roughWavyWall.f’
mpiifort -c  -O2 -O3 -xMIC-AVX512 -r8 -fpconstant -fpp -DMPI -DUNDERSCORE -DTIMER -I/lcrc/project/wall_bounded_flows/vpuri/Nek5000-v17/run/wavyWall/rww-nofilt/sr2-nely24 -I/lcrc/project/wall_bounded_flows/vpuri/Nek5000-v17/core -I./ /lcrc/project/wall_bounded_flows/vpuri/Nek5000-v17/run/wavyWall/rww-nofilt/sr2-nely24/roughWavyWall.f  -o obj/roughWavyWall.o 
mpiifort  -O2 -O3 -xMIC-AVX512 -r8 -fpconstant -fpp -DMPI -DUNDERSCORE -DTIMER -I/lcrc/project/wall_bounded_flows/vpuri/Nek5000-v17/run/wavyWall/rww-nofilt/sr2-nely24 -I/lcrc/project/wall_bounded_flows/vpuri/Nek5000-v17/core -I./ -o nek5000 obj/roughWavyWall.o obj/drive.o obj/drive1.o obj/drive2.o obj/plan5.o obj/plan4.o obj/bdry.o obj/coef.o obj/conduct.o obj/connect1.o obj/connect2.o obj/dssum.o obj/edgec.o obj/eigsolv.o obj/gauss.o obj/genxyz.o obj/navier1.o obj/makeq.o obj/navier0.o obj/navier2.o obj/navier3.o obj/navier4.o obj/prepost.o obj/speclib.o obj/map2.o obj/mvmesh.o obj/ic.o obj/gfldr.o obj/ssolv.o obj/planx.o obj/math.o obj/mxm_wrapper.o obj/hmholtz.o obj/gfdm_par.o obj/gfdm_op.o obj/gfdm_solve.o obj/subs1.o obj/subs2.o obj/genbox.o obj/gmres.o obj/hsmg.o obj/convect.o obj/induct.o obj/perturb.o obj/navier5.o obj/navier6.o obj/navier7.o obj/navier8.o obj/fast3d.o obj/fasts.o obj/calcz.o obj/byte.o obj/chelpers.o obj/byte_mpi.o obj/postpro.o obj/intp_usr.o obj/cvode_driver.o obj/nek_comm.o obj/vprops.o obj/makeq_aux.o obj/papi.o obj/nek_in_situ.o obj/reader_rea.o obj/reader_par.o obj/reader_re2.o obj/finiparser.o obj/iniparser.o obj/dictionary.o obj/hpf.o obj/mxm_std.o obj/comm_mpi.o obj/singlmesh.o obj/blas.o obj/dsygv.o -L/lcrc/project/wall_bounded_flows/vpuri/Nek5000-v17/3rd_party/gslib/lib -lgs 

#############################################################
#                  Compilation successful!                  #
#############################################################
   text	   data	    bss	    dec	    hex	filename
7411983	 109808	700287176	707808967	2a304ec7	nek5000


build 3rd-party software ...
‘roughWavyWall.usr’ -> ‘roughWavyWall.f’
mpiifort -c  -O2 -O3 -xMIC-AVX512 -r8 -fpconstant -fpp -DMPI -DUNDERSCORE -DTIMER -I/lcrc/project/wall_bounded_flows/vpuri/Nek5000-v17/run/wavyWall/rww-nofilt/sr2-nely24 -I/lcrc/project/wall_bounded_flows/vpuri/Nek5000-v17/core -I./ /lcrc/project/wall_bounded_flows/vpuri/Nek5000-v17/run/wavyWall/rww-nofilt/sr2-nely24/roughWavyWall.f  -o obj/roughWavyWall.o 
mpiifort  -O2 -O3 -xMIC-AVX512 -r8 -fpconstant -fpp -DMPI -DUNDERSCORE -DTIMER -I/lcrc/project/wall_bounded_flows/vpuri/Nek5000-v17/run/wavyWall/rww-nofilt/sr2-nely24 -I/lcrc/project/wall_bounded_flows/vpuri/Nek5000-v17/core -I./ -o nek5000 obj/roughWavyWall.o obj/drive.o obj/drive1.o obj/drive2.o obj/plan5.o obj/plan4.o obj/bdry.o obj/coef.o obj/conduct.o obj/connect1.o obj/connect2.o obj/dssum.o obj/edgec.o obj/eigsolv.o obj/gauss.o obj/genxyz.o obj/navier1.o obj/makeq.o obj/navier0.o obj/navier2.o obj/navier3.o obj/navier4.o obj/prepost.o obj/speclib.o obj/map2.o obj/mvmesh.o obj/ic.o obj/gfldr.o obj/ssolv.o obj/planx.o obj/math.o obj/mxm_wrapper.o obj/hmholtz.o obj/gfdm_par.o obj/gfdm_op.o obj/gfdm_solve.o obj/subs1.o obj/subs2.o obj/genbox.o obj/gmres.o obj/hsmg.o obj/convect.o obj/induct.o obj/perturb.o obj/navier5.o obj/navier6.o obj/navier7.o obj/navier8.o obj/fast3d.o obj/fasts.o obj/calcz.o obj/byte.o obj/chelpers.o obj/byte_mpi.o obj/postpro.o obj/intp_usr.o obj/cvode_driver.o obj/nek_comm.o obj/vprops.o obj/makeq_aux.o obj/papi.o obj/nek_in_situ.o obj/reader_rea.o obj/reader_par.o obj/reader_re2.o obj/finiparser.o obj/iniparser.o obj/dictionary.o obj/hpf.o obj/mxm_std.o obj/comm_mpi.o obj/singlmesh.o obj/blas.o obj/dsygv.o -L/lcrc/project/wall_bounded_flows/vpuri/Nek5000-v17/3rd_party/gslib/lib -lgs 

#############################################################
#                  Compilation successful!                  #
#############################################################
   text	   data	    bss	    dec	    hex	filename
7411983	 109808	700287176	707808967	2a304ec7	nek5000


build 3rd-party software ...
‘roughWavyWall.usr’ -> ‘roughWavyWall.f’
mpiifort -c  -O2 -O3 -xMIC-AVX512 -r8 -fpconstant -fpp -DMPI -DUNDERSCORE -DTIMER -I/lcrc/project/wall_bounded_flows/vpuri/Nek5000-v17/run/wavyWall/rww-nofilt/sr2-nely24 -I/lcrc/project/wall_bounded_flows/vpuri/Nek5000-v17/core -I./ /lcrc/project/wall_bounded_flows/vpuri/Nek5000-v17/run/wavyWall/rww-nofilt/sr2-nely24/roughWavyWall.f  -o obj/roughWavyWall.o 
mpiifort  -O2 -O3 -xMIC-AVX512 -r8 -fpconstant -fpp -DMPI -DUNDERSCORE -DTIMER -I/lcrc/project/wall_bounded_flows/vpuri/Nek5000-v17/run/wavyWall/rww-nofilt/sr2-nely24 -I/lcrc/project/wall_bounded_flows/vpuri/Nek5000-v17/core -I./ -o nek5000 obj/roughWavyWall.o obj/drive.o obj/drive1.o obj/drive2.o obj/plan5.o obj/plan4.o obj/bdry.o obj/coef.o obj/conduct.o obj/connect1.o obj/connect2.o obj/dssum.o obj/edgec.o obj/eigsolv.o obj/gauss.o obj/genxyz.o obj/navier1.o obj/makeq.o obj/navier0.o obj/navier2.o obj/navier3.o obj/navier4.o obj/prepost.o obj/speclib.o obj/map2.o obj/mvmesh.o obj/ic.o obj/gfldr.o obj/ssolv.o obj/planx.o obj/math.o obj/mxm_wrapper.o obj/hmholtz.o obj/gfdm_par.o obj/gfdm_op.o obj/gfdm_solve.o obj/subs1.o obj/subs2.o obj/genbox.o obj/gmres.o obj/hsmg.o obj/convect.o obj/induct.o obj/perturb.o obj/navier5.o obj/navier6.o obj/navier7.o obj/navier8.o obj/fast3d.o obj/fasts.o obj/calcz.o obj/byte.o obj/chelpers.o obj/byte_mpi.o obj/postpro.o obj/intp_usr.o obj/cvode_driver.o obj/nek_comm.o obj/vprops.o obj/makeq_aux.o obj/papi.o obj/nek_in_situ.o obj/reader_rea.o obj/reader_par.o obj/reader_re2.o obj/finiparser.o obj/iniparser.o obj/dictionary.o obj/hpf.o obj/mxm_std.o obj/comm_mpi.o obj/singlmesh.o obj/blas.o obj/dsygv.o -L/lcrc/project/wall_bounded_flows/vpuri/Nek5000-v17/3rd_party/gslib/lib -lgs 

#############################################################
#                  Compilation successful!                  #
#############################################################
   text	   data	    bss	    dec	    hex	filename
7411983	 109808	700287176	707808967	2a304ec7	nek5000


build 3rd-party software ...
‘roughWavyWall.usr’ -> ‘roughWavyWall.f’
mpiifort -c  -O2 -O3 -xMIC-AVX512 -r8 -fpconstant -fpp -DMPI -DUNDERSCORE -DTIMER -I/lcrc/project/wall_bounded_flows/vpuri/Nek5000-v17/run/wavyWall/rww-nofilt/sr2-nely24 -I/lcrc/project/wall_bounded_flows/vpuri/Nek5000-v17/core -I./ /lcrc/project/wall_bounded_flows/vpuri/Nek5000-v17/run/wavyWall/rww-nofilt/sr2-nely24/roughWavyWall.f  -o obj/roughWavyWall.o 
mpiifort  -O2 -O3 -xMIC-AVX512 -r8 -fpconstant -fpp -DMPI -DUNDERSCORE -DTIMER -I/lcrc/project/wall_bounded_flows/vpuri/Nek5000-v17/run/wavyWall/rww-nofilt/sr2-nely24 -I/lcrc/project/wall_bounded_flows/vpuri/Nek5000-v17/core -I./ -o nek5000 obj/roughWavyWall.o obj/drive.o obj/drive1.o obj/drive2.o obj/plan5.o obj/plan4.o obj/bdry.o obj/coef.o obj/conduct.o obj/connect1.o obj/connect2.o obj/dssum.o obj/edgec.o obj/eigsolv.o obj/gauss.o obj/genxyz.o obj/navier1.o obj/makeq.o obj/navier0.o obj/navier2.o obj/navier3.o obj/navier4.o obj/prepost.o obj/speclib.o obj/map2.o obj/mvmesh.o obj/ic.o obj/gfldr.o obj/ssolv.o obj/planx.o obj/math.o obj/mxm_wrapper.o obj/hmholtz.o obj/gfdm_par.o obj/gfdm_op.o obj/gfdm_solve.o obj/subs1.o obj/subs2.o obj/genbox.o obj/gmres.o obj/hsmg.o obj/convect.o obj/induct.o obj/perturb.o obj/navier5.o obj/navier6.o obj/navier7.o obj/navier8.o obj/fast3d.o obj/fasts.o obj/calcz.o obj/byte.o obj/chelpers.o obj/byte_mpi.o obj/postpro.o obj/intp_usr.o obj/cvode_driver.o obj/nek_comm.o obj/vprops.o obj/makeq_aux.o obj/papi.o obj/nek_in_situ.o obj/reader_rea.o obj/reader_par.o obj/reader_re2.o obj/finiparser.o obj/iniparser.o obj/dictionary.o obj/hpf.o obj/mxm_std.o obj/comm_mpi.o obj/singlmesh.o obj/blas.o obj/dsygv.o -L/lcrc/project/wall_bounded_flows/vpuri/Nek5000-v17/3rd_party/gslib/lib -lgs 

#############################################################
#                  Compilation successful!                  #
#############################################################
   text	   data	    bss	    dec	    hex	filename
7411983	 109808	700287176	707808967	2a304ec7	nek5000


build 3rd-party software ...
‘roughWavyWall.usr’ -> ‘roughWavyWall.f’
mpiifort -c  -O2 -O3 -xMIC-AVX512 -r8 -fpconstant -fpp -DMPI -DUNDERSCORE -DTIMER -I/lcrc/project/wall_bounded_flows/vpuri/Nek5000-v17/run/wavyWall/rww-nofilt/sr3-nely24 -I/lcrc/project/wall_bounded_flows/vpuri/Nek5000-v17/core -I./ /lcrc/project/wall_bounded_flows/vpuri/Nek5000-v17/run/wavyWall/rww-nofilt/sr3-nely24/roughWavyWall.f  -o obj/roughWavyWall.o 
mpiifort  -O2 -O3 -xMIC-AVX512 -r8 -fpconstant -fpp -DMPI -DUNDERSCORE -DTIMER -I/lcrc/project/wall_bounded_flows/vpuri/Nek5000-v17/run/wavyWall/rww-nofilt/sr3-nely24 -I/lcrc/project/wall_bounded_flows/vpuri/Nek5000-v17/core -I./ -o nek5000 obj/roughWavyWall.o obj/drive.o obj/drive1.o obj/drive2.o obj/plan5.o obj/plan4.o obj/bdry.o obj/coef.o obj/conduct.o obj/connect1.o obj/connect2.o obj/dssum.o obj/edgec.o obj/eigsolv.o obj/gauss.o obj/genxyz.o obj/navier1.o obj/makeq.o obj/navier0.o obj/navier2.o obj/navier3.o obj/navier4.o obj/prepost.o obj/speclib.o obj/map2.o obj/mvmesh.o obj/ic.o obj/gfldr.o obj/ssolv.o obj/planx.o obj/math.o obj/mxm_wrapper.o obj/hmholtz.o obj/gfdm_par.o obj/gfdm_op.o obj/gfdm_solve.o obj/subs1.o obj/subs2.o obj/genbox.o obj/gmres.o obj/hsmg.o obj/convect.o obj/induct.o obj/perturb.o obj/navier5.o obj/navier6.o obj/navier7.o obj/navier8.o obj/fast3d.o obj/fasts.o obj/calcz.o obj/byte.o obj/chelpers.o obj/byte_mpi.o obj/postpro.o obj/intp_usr.o obj/cvode_driver.o obj/nek_comm.o obj/vprops.o obj/makeq_aux.o obj/papi.o obj/nek_in_situ.o obj/reader_rea.o obj/reader_par.o obj/reader_re2.o obj/finiparser.o obj/iniparser.o obj/dictionary.o obj/hpf.o obj/mxm_std.o obj/comm_mpi.o obj/singlmesh.o obj/blas.o obj/dsygv.o -L/lcrc/project/wall_bounded_flows/vpuri/Nek5000-v17/3rd_party/gslib/lib -lgs 

#############################################################
#                  Compilation successful!                  #
#############################################################
   text	   data	    bss	    dec	    hex	filename
7412039	 109808	700287240	707809087	2a304f3f	nek5000


build 3rd-party software ...
‘roughWavyWall.usr’ -> ‘roughWavyWall.f’
mpiifort -c  -O2 -O3 -xMIC-AVX512 -r8 -fpconstant -fpp -DMPI -DUNDERSCORE -DTIMER -I/lcrc/project/wall_bounded_flows/vpuri/Nek5000-v17/run/wavyWall/rww-nofilt/p3 -I/lcrc/project/wall_bounded_flows/vpuri/Nek5000-v17/core -I./ /lcrc/project/wall_bounded_flows/vpuri/Nek5000-v17/run/wavyWall/rww-nofilt/p3/roughWavyWall.f  -o obj/roughWavyWall.o 
mpiifort  -O2 -O3 -xMIC-AVX512 -r8 -fpconstant -fpp -DMPI -DUNDERSCORE -DTIMER -I/lcrc/project/wall_bounded_flows/vpuri/Nek5000-v17/run/wavyWall/rww-nofilt/p3 -I/lcrc/project/wall_bounded_flows/vpuri/Nek5000-v17/core -I./ -o nek5000 obj/roughWavyWall.o obj/drive.o obj/drive1.o obj/drive2.o obj/plan5.o obj/plan4.o obj/bdry.o obj/coef.o obj/conduct.o obj/connect1.o obj/connect2.o obj/dssum.o obj/edgec.o obj/eigsolv.o obj/gauss.o obj/genxyz.o obj/navier1.o obj/makeq.o obj/navier0.o obj/navier2.o obj/navier3.o obj/navier4.o obj/prepost.o obj/speclib.o obj/map2.o obj/mvmesh.o obj/ic.o obj/gfldr.o obj/ssolv.o obj/planx.o obj/math.o obj/mxm_wrapper.o obj/hmholtz.o obj/gfdm_par.o obj/gfdm_op.o obj/gfdm_solve.o obj/subs1.o obj/subs2.o obj/genbox.o obj/gmres.o obj/hsmg.o obj/convect.o obj/induct.o obj/perturb.o obj/navier5.o obj/navier6.o obj/navier7.o obj/navier8.o obj/fast3d.o obj/fasts.o obj/calcz.o obj/byte.o obj/chelpers.o obj/byte_mpi.o obj/postpro.o obj/intp_usr.o obj/cvode_driver.o obj/nek_comm.o obj/vprops.o obj/makeq_aux.o obj/papi.o obj/nek_in_situ.o obj/reader_rea.o obj/reader_par.o obj/reader_re2.o obj/finiparser.o obj/iniparser.o obj/dictionary.o obj/hpf.o obj/mxm_std.o obj/comm_mpi.o obj/singlmesh.o obj/blas.o obj/dsygv.o -L/lcrc/project/wall_bounded_flows/vpuri/Nek5000-v17/3rd_party/gslib/lib -lgs 

#############################################################
#                  Compilation successful!                  #
#############################################################
   text	   data	    bss	    dec	    hex	filename
7411151	 109808	700287240	707808199	2a304bc7	nek5000


build 3rd-party software ...
‘roughWavyWall.usr’ -> ‘roughWavyWall.f’
mpiifort -c  -O2 -O3 -xMIC-AVX512 -r8 -fpconstant -fpp -DMPI -DUNDERSCORE -DTIMER -I/lcrc/project/wall_bounded_flows/vpuri/Nek5000-v17/run/wavyWall/rww-nofilt/p4 -I/lcrc/project/wall_bounded_flows/vpuri/Nek5000-v17/core -I./ /lcrc/project/wall_bounded_flows/vpuri/Nek5000-v17/run/wavyWall/rww-nofilt/p4/roughWavyWall.f  -o obj/roughWavyWall.o 
mpiifort  -O2 -O3 -xMIC-AVX512 -r8 -fpconstant -fpp -DMPI -DUNDERSCORE -DTIMER -I/lcrc/project/wall_bounded_flows/vpuri/Nek5000-v17/run/wavyWall/rww-nofilt/p4 -I/lcrc/project/wall_bounded_flows/vpuri/Nek5000-v17/core -I./ -o nek5000 obj/roughWavyWall.o obj/drive.o obj/drive1.o obj/drive2.o obj/plan5.o obj/plan4.o obj/bdry.o obj/coef.o obj/conduct.o obj/connect1.o obj/connect2.o obj/dssum.o obj/edgec.o obj/eigsolv.o obj/gauss.o obj/genxyz.o obj/navier1.o obj/makeq.o obj/navier0.o obj/navier2.o obj/navier3.o obj/navier4.o obj/prepost.o obj/speclib.o obj/map2.o obj/mvmesh.o obj/ic.o obj/gfldr.o obj/ssolv.o obj/planx.o obj/math.o obj/mxm_wrapper.o obj/hmholtz.o obj/gfdm_par.o obj/gfdm_op.o obj/gfdm_solve.o obj/subs1.o obj/subs2.o obj/genbox.o obj/gmres.o obj/hsmg.o obj/convect.o obj/induct.o obj/perturb.o obj/navier5.o obj/navier6.o obj/navier7.o obj/navier8.o obj/fast3d.o obj/fasts.o obj/calcz.o obj/byte.o obj/chelpers.o obj/byte_mpi.o obj/postpro.o obj/intp_usr.o obj/cvode_driver.o obj/nek_comm.o obj/vprops.o obj/makeq_aux.o obj/papi.o obj/nek_in_situ.o obj/reader_rea.o obj/reader_par.o obj/reader_re2.o obj/finiparser.o obj/iniparser.o obj/dictionary.o obj/hpf.o obj/mxm_std.o obj/comm_mpi.o obj/singlmesh.o obj/blas.o obj/dsygv.o -L/lcrc/project/wall_bounded_flows/vpuri/Nek5000-v17/3rd_party/gslib/lib -lgs 

#############################################################
#                  Compilation successful!                  #
#############################################################
   text	   data	    bss	    dec	    hex	filename
7411151	 109808	700287240	707808199	2a304bc7	nek5000


build 3rd-party software ...
‘roughWavyWall.usr’ -> ‘roughWavyWall.f’
mpiifort -c  -O2 -O3 -xMIC-AVX512 -r8 -fpconstant -fpp -DMPI -DUNDERSCORE -DTIMER -I/lcrc/project/wall_bounded_flows/vpuri/Nek5000-v17/run/wavyWall/rww-nofilt/p4 -I/lcrc/project/wall_bounded_flows/vpuri/Nek5000-v17/core -I./ /lcrc/project/wall_bounded_flows/vpuri/Nek5000-v17/run/wavyWall/rww-nofilt/p4/roughWavyWall.f  -o obj/roughWavyWall.o 
mpiifort  -O2 -O3 -xMIC-AVX512 -r8 -fpconstant -fpp -DMPI -DUNDERSCORE -DTIMER -I/lcrc/project/wall_bounded_flows/vpuri/Nek5000-v17/run/wavyWall/rww-nofilt/p4 -I/lcrc/project/wall_bounded_flows/vpuri/Nek5000-v17/core -I./ -o nek5000 obj/roughWavyWall.o obj/drive.o obj/drive1.o obj/drive2.o obj/plan5.o obj/plan4.o obj/bdry.o obj/coef.o obj/conduct.o obj/connect1.o obj/connect2.o obj/dssum.o obj/edgec.o obj/eigsolv.o obj/gauss.o obj/genxyz.o obj/navier1.o obj/makeq.o obj/navier0.o obj/navier2.o obj/navier3.o obj/navier4.o obj/prepost.o obj/speclib.o obj/map2.o obj/mvmesh.o obj/ic.o obj/gfldr.o obj/ssolv.o obj/planx.o obj/math.o obj/mxm_wrapper.o obj/hmholtz.o obj/gfdm_par.o obj/gfdm_op.o obj/gfdm_solve.o obj/subs1.o obj/subs2.o obj/genbox.o obj/gmres.o obj/hsmg.o obj/convect.o obj/induct.o obj/perturb.o obj/navier5.o obj/navier6.o obj/navier7.o obj/navier8.o obj/fast3d.o obj/fasts.o obj/calcz.o obj/byte.o obj/chelpers.o obj/byte_mpi.o obj/postpro.o obj/intp_usr.o obj/cvode_driver.o obj/nek_comm.o obj/vprops.o obj/makeq_aux.o obj/papi.o obj/nek_in_situ.o obj/reader_rea.o obj/reader_par.o obj/reader_re2.o obj/finiparser.o obj/iniparser.o obj/dictionary.o obj/hpf.o obj/mxm_std.o obj/comm_mpi.o obj/singlmesh.o obj/blas.o obj/dsygv.o -L/lcrc/project/wall_bounded_flows/vpuri/Nek5000-v17/3rd_party/gslib/lib -lgs 

#############################################################
#                  Compilation successful!                  #
#############################################################
   text	   data	    bss	    dec	    hex	filename
7411151	 109808	700287240	707808199	2a304bc7	nek5000


build 3rd-party software ...
mpiifort -c  -O2 -O3 -xMIC-AVX512 -r8 -fpconstant -fpp -DMPI -DUNDERSCORE -DTIMER -I/lcrc/project/wall_bounded_flows/vpuri/Nek5000-v17/run/wavyWall/rww-nofilt/p4 -I/lcrc/project/wall_bounded_flows/vpuri/Nek5000-v17/core -I./ /lcrc/project/wall_bounded_flows/vpuri/Nek5000-v17/core/drive.f -o obj/drive.o
mpiifort -c  -O2 -O3 -xMIC-AVX512 -r8 -fpconstant -fpp -DMPI -DUNDERSCORE -DTIMER -I/lcrc/project/wall_bounded_flows/vpuri/Nek5000-v17/run/wavyWall/rww-nofilt/p4 -I/lcrc/project/wall_bounded_flows/vpuri/Nek5000-v17/core -I./ /lcrc/project/wall_bounded_flows/vpuri/Nek5000-v17/core/drive1.f -o obj/drive1.o
mpiifort -c  -O2 -O3 -xMIC-AVX512 -r8 -fpconstant -fpp -DMPI -DUNDERSCORE -DTIMER -I/lcrc/project/wall_bounded_flows/vpuri/Nek5000-v17/run/wavyWall/rww-nofilt/p4 -I/lcrc/project/wall_bounded_flows/vpuri/Nek5000-v17/core -I./ /lcrc/project/wall_bounded_flows/vpuri/Nek5000-v17/core/drive2.f -o obj/drive2.o
mpiifort -c  -O2 -O3 -xMIC-AVX512 -r8 -fpconstant -fpp -DMPI -DUNDERSCORE -DTIMER -I/lcrc/project/wall_bounded_flows/vpuri/Nek5000-v17/run/wavyWall/rww-nofilt/p4 -I/lcrc/project/wall_bounded_flows/vpuri/Nek5000-v17/core -I./ /lcrc/project/wall_bounded_flows/vpuri/Nek5000-v17/core/plan5.f -o obj/plan5.o
mpiifort -c  -O2 -O3 -xMIC-AVX512 -r8 -fpconstant -fpp -DMPI -DUNDERSCORE -DTIMER -I/lcrc/project/wall_bounded_flows/vpuri/Nek5000-v17/run/wavyWall/rww-nofilt/p4 -I/lcrc/project/wall_bounded_flows/vpuri/Nek5000-v17/core -I./ /lcrc/project/wall_bounded_flows/vpuri/Nek5000-v17/core/plan4.f -o obj/plan4.o
mpiifort -c  -O2 -O3 -xMIC-AVX512 -r8 -fpconstant -fpp -DMPI -DUNDERSCORE -DTIMER -I/lcrc/project/wall_bounded_flows/vpuri/Nek5000-v17/run/wavyWall/rww-nofilt/p4 -I/lcrc/project/wall_bounded_flows/vpuri/Nek5000-v17/core -I./ /lcrc/project/wall_bounded_flows/vpuri/Nek5000-v17/core/bdry.f -o obj/bdry.o
mpiifort -c  -O2 -O3 -xMIC-AVX512 -r8 -fpconstant -fpp -DMPI -DUNDERSCORE -DTIMER -I/lcrc/project/wall_bounded_flows/vpuri/Nek5000-v17/run/wavyWall/rww-nofilt/p4 -I/lcrc/project/wall_bounded_flows/vpuri/Nek5000-v17/core -I./ /lcrc/project/wall_bounded_flows/vpuri/Nek5000-v17/core/coef.f -o obj/coef.o
mpiifort -c  -O2 -O3 -xMIC-AVX512 -r8 -fpconstant -fpp -DMPI -DUNDERSCORE -DTIMER -I/lcrc/project/wall_bounded_flows/vpuri/Nek5000-v17/run/wavyWall/rww-nofilt/p4 -I/lcrc/project/wall_bounded_flows/vpuri/Nek5000-v17/core -I./ /lcrc/project/wall_bounded_flows/vpuri/Nek5000-v17/core/conduct.f -o obj/conduct.o
mpiifort -c  -O2 -O3 -xMIC-AVX512 -r8 -fpconstant -fpp -DMPI -DUNDERSCORE -DTIMER -I/lcrc/project/wall_bounded_flows/vpuri/Nek5000-v17/run/wavyWall/rww-nofilt/p4 -I/lcrc/project/wall_bounded_flows/vpuri/Nek5000-v17/core -I./ /lcrc/project/wall_bounded_flows/vpuri/Nek5000-v17/core/connect1.f -o obj/connect1.o
mpiifort -c  -O2 -O3 -xMIC-AVX512 -r8 -fpconstant -fpp -DMPI -DUNDERSCORE -DTIMER -I/lcrc/project/wall_bounded_flows/vpuri/Nek5000-v17/run/wavyWall/rww-nofilt/p4 -I/lcrc/project/wall_bounded_flows/vpuri/Nek5000-v17/core -I./ /lcrc/project/wall_bounded_flows/vpuri/Nek5000-v17/core/connect2.f -o obj/connect2.o
mpiifort -c  -O2 -O3 -xMIC-AVX512 -r8 -fpconstant -fpp -DMPI -DUNDERSCORE -DTIMER -I/lcrc/project/wall_bounded_flows/vpuri/Nek5000-v17/run/wavyWall/rww-nofilt/p4 -I/lcrc/project/wall_bounded_flows/vpuri/Nek5000-v17/core -I./ /lcrc/project/wall_bounded_flows/vpuri/Nek5000-v17/core/dssum.f -o obj/dssum.o
mpiifort -c  -O2 -O3 -xMIC-AVX512 -r8 -fpconstant -fpp -DMPI -DUNDERSCORE -DTIMER -I/lcrc/project/wall_bounded_flows/vpuri/Nek5000-v17/run/wavyWall/rww-nofilt/p4 -I/lcrc/project/wall_bounded_flows/vpuri/Nek5000-v17/core -I./ /lcrc/project/wall_bounded_flows/vpuri/Nek5000-v17/core/edgec.f -o obj/edgec.o
mpiifort -c  -O2 -O3 -xMIC-AVX512 -r8 -fpconstant -fpp -DMPI -DUNDERSCORE -DTIMER -I/lcrc/project/wall_bounded_flows/vpuri/Nek5000-v17/run/wavyWall/rww-nofilt/p4 -I/lcrc/project/wall_bounded_flows/vpuri/Nek5000-v17/core -I./ /lcrc/project/wall_bounded_flows/vpuri/Nek5000-v17/core/eigsolv.f -o obj/eigsolv.o
mpiifort -c  -O2 -O3 -xMIC-AVX512 -r8 -fpconstant -fpp -DMPI -DUNDERSCORE -DTIMER -I/lcrc/project/wall_bounded_flows/vpuri/Nek5000-v17/run/wavyWall/rww-nofilt/p4 -I/lcrc/project/wall_bounded_flows/vpuri/Nek5000-v17/core -I./ /lcrc/project/wall_bounded_flows/vpuri/Nek5000-v17/core/gauss.f -o obj/gauss.o
mpiifort -c  -O2 -O3 -xMIC-AVX512 -r8 -fpconstant -fpp -DMPI -DUNDERSCORE -DTIMER -I/lcrc/project/wall_bounded_flows/vpuri/Nek5000-v17/run/wavyWall/rww-nofilt/p4 -I/lcrc/project/wall_bounded_flows/vpuri/Nek5000-v17/core -I./ /lcrc/project/wall_bounded_flows/vpuri/Nek5000-v17/core/genxyz.f -o obj/genxyz.o
mpiifort -c  -O2 -O3 -xMIC-AVX512 -r8 -fpconstant -fpp -DMPI -DUNDERSCORE -DTIMER -I/lcrc/project/wall_bounded_flows/vpuri/Nek5000-v17/run/wavyWall/rww-nofilt/p4 -I/lcrc/project/wall_bounded_flows/vpuri/Nek5000-v17/core -I./ /lcrc/project/wall_bounded_flows/vpuri/Nek5000-v17/core/navier1.f -o obj/navier1.o
mpiifort -c  -O2 -O3 -xMIC-AVX512 -r8 -fpconstant -fpp -DMPI -DUNDERSCORE -DTIMER -I/lcrc/project/wall_bounded_flows/vpuri/Nek5000-v17/run/wavyWall/rww-nofilt/p4 -I/lcrc/project/wall_bounded_flows/vpuri/Nek5000-v17/core -I./ /lcrc/project/wall_bounded_flows/vpuri/Nek5000-v17/core/makeq.f -o obj/makeq.o
mpiifort -c  -O2 -O3 -xMIC-AVX512 -r8 -fpconstant -fpp -DMPI -DUNDERSCORE -DTIMER -I/lcrc/project/wall_bounded_flows/vpuri/Nek5000-v17/run/wavyWall/rww-nofilt/p4 -I/lcrc/project/wall_bounded_flows/vpuri/Nek5000-v17/core -I./ /lcrc/project/wall_bounded_flows/vpuri/Nek5000-v17/core/navier0.f -o obj/navier0.o
mpiifort -c  -O2 -O3 -xMIC-AVX512 -r8 -fpconstant -fpp -DMPI -DUNDERSCORE -DTIMER -I/lcrc/project/wall_bounded_flows/vpuri/Nek5000-v17/run/wavyWall/rww-nofilt/p4 -I/lcrc/project/wall_bounded_flows/vpuri/Nek5000-v17/core -I./ /lcrc/project/wall_bounded_flows/vpuri/Nek5000-v17/core/navier2.f -o obj/navier2.o
mpiifort -c  -O2 -O3 -xMIC-AVX512 -r8 -fpconstant -fpp -DMPI -DUNDERSCORE -DTIMER -I/lcrc/project/wall_bounded_flows/vpuri/Nek5000-v17/run/wavyWall/rww-nofilt/p4 -I/lcrc/project/wall_bounded_flows/vpuri/Nek5000-v17/core -I./ /lcrc/project/wall_bounded_flows/vpuri/Nek5000-v17/core/navier3.f -o obj/navier3.o
/lcrc/project/wall_bounded_flows/vpuri/Nek5000-v17/core/navier1.f(3253): warning #6371: A jump into a block from outside the block may have occurred.   [101]
      if (.not. ifdeal(ifield)) goto 101
-------------------------------------^
mpiifort -c  -O2 -O3 -xMIC-AVX512 -r8 -fpconstant -fpp -DMPI -DUNDERSCORE -DTIMER -I/lcrc/project/wall_bounded_flows/vpuri/Nek5000-v17/run/wavyWall/rww-nofilt/p4 -I/lcrc/project/wall_bounded_flows/vpuri/Nek5000-v17/core -I./ /lcrc/project/wall_bounded_flows/vpuri/Nek5000-v17/core/navier4.f -o obj/navier4.o
mpiifort -c  -O2 -O3 -xMIC-AVX512 -r8 -fpconstant -fpp -DMPI -DUNDERSCORE -DTIMER -I/lcrc/project/wall_bounded_flows/vpuri/Nek5000-v17/run/wavyWall/rww-nofilt/p4 -I/lcrc/project/wall_bounded_flows/vpuri/Nek5000-v17/core -I./ /lcrc/project/wall_bounded_flows/vpuri/Nek5000-v17/core/prepost.f -o obj/prepost.o
mpiifort -c  -O2 -O3 -xMIC-AVX512 -r8 -fpconstant -fpp -DMPI -DUNDERSCORE -DTIMER -I/lcrc/project/wall_bounded_flows/vpuri/Nek5000-v17/run/wavyWall/rww-nofilt/p4 -I/lcrc/project/wall_bounded_flows/vpuri/Nek5000-v17/core -I./ /lcrc/project/wall_bounded_flows/vpuri/Nek5000-v17/core/speclib.f -o obj/speclib.o
mpiifort -c  -O2 -O3 -xMIC-AVX512 -r8 -fpconstant -fpp -DMPI -DUNDERSCORE -DTIMER -I/lcrc/project/wall_bounded_flows/vpuri/Nek5000-v17/run/wavyWall/rww-nofilt/p4 -I/lcrc/project/wall_bounded_flows/vpuri/Nek5000-v17/core -I./ /lcrc/project/wall_bounded_flows/vpuri/Nek5000-v17/core/map2.f -o obj/map2.o
mpiifort -c  -O2 -O3 -xMIC-AVX512 -r8 -fpconstant -fpp -DMPI -DUNDERSCORE -DTIMER -I/lcrc/project/wall_bounded_flows/vpuri/Nek5000-v17/run/wavyWall/rww-nofilt/p4 -I/lcrc/project/wall_bounded_flows/vpuri/Nek5000-v17/core -I./ /lcrc/project/wall_bounded_flows/vpuri/Nek5000-v17/core/mvmesh.f -o obj/mvmesh.o
mpiifort -c  -O2 -O3 -xMIC-AVX512 -r8 -fpconstant -fpp -DMPI -DUNDERSCORE -DTIMER -I/lcrc/project/wall_bounded_flows/vpuri/Nek5000-v17/run/wavyWall/rww-nofilt/p4 -I/lcrc/project/wall_bounded_flows/vpuri/Nek5000-v17/core -I./ /lcrc/project/wall_bounded_flows/vpuri/Nek5000-v17/core/ic.f -o obj/ic.o
mpiifort -c  -O2 -O3 -xMIC-AVX512 -r8 -fpconstant -fpp -DMPI -DUNDERSCORE -DTIMER -I/lcrc/project/wall_bounded_flows/vpuri/Nek5000-v17/run/wavyWall/rww-nofilt/p4 -I/lcrc/project/wall_bounded_flows/vpuri/Nek5000-v17/core -I./ /lcrc/project/wall_bounded_flows/vpuri/Nek5000-v17/core/gfldr.f -o obj/gfldr.o
mpiifort -c  -O2 -O3 -xMIC-AVX512 -r8 -fpconstant -fpp -DMPI -DUNDERSCORE -DTIMER -I/lcrc/project/wall_bounded_flows/vpuri/Nek5000-v17/run/wavyWall/rww-nofilt/p4 -I/lcrc/project/wall_bounded_flows/vpuri/Nek5000-v17/core -I./ /lcrc/project/wall_bounded_flows/vpuri/Nek5000-v17/core/ssolv.f -o obj/ssolv.o
mpiifort -c  -O2 -O3 -xMIC-AVX512 -r8 -fpconstant -fpp -DMPI -DUNDERSCORE -DTIMER -I/lcrc/project/wall_bounded_flows/vpuri/Nek5000-v17/run/wavyWall/rww-nofilt/p4 -I/lcrc/project/wall_bounded_flows/vpuri/Nek5000-v17/core -I./ /lcrc/project/wall_bounded_flows/vpuri/Nek5000-v17/core/planx.f -o obj/planx.o
/lcrc/project/wall_bounded_flows/vpuri/Nek5000-v17/core/gfldr.f(149): remark #8291: Recommended relationship between field width 'W' and the number of fractional digits 'D' in this edit descriptor is 'W>=D+7'.
      if(nio.eq.0) write(6,'(A,1(1g8.2),A)')
-----------------------------------^
mpiifort -c  -O3 -O3 -xMIC-AVX512 -r8 -fpconstant -fpp -DMPI -DUNDERSCORE -DTIMER -I/lcrc/project/wall_bounded_flows/vpuri/Nek5000-v17/run/wavyWall/rww-nofilt/p4 -I/lcrc/project/wall_bounded_flows/vpuri/Nek5000-v17/core -I./ /lcrc/project/wall_bounded_flows/vpuri/Nek5000-v17/core/math.f -o obj/math.o
mpiifort -c  -O2 -O3 -xMIC-AVX512 -r8 -fpconstant -fpp -DMPI -DUNDERSCORE -DTIMER -I/lcrc/project/wall_bounded_flows/vpuri/Nek5000-v17/run/wavyWall/rww-nofilt/p4 -I/lcrc/project/wall_bounded_flows/vpuri/Nek5000-v17/core -I./ /lcrc/project/wall_bounded_flows/vpuri/Nek5000-v17/core/mxm_wrapper.f -o obj/mxm_wrapper.o 
mpiifort -c  -O2 -O3 -xMIC-AVX512 -r8 -fpconstant -fpp -DMPI -DUNDERSCORE -DTIMER -I/lcrc/project/wall_bounded_flows/vpuri/Nek5000-v17/run/wavyWall/rww-nofilt/p4 -I/lcrc/project/wall_bounded_flows/vpuri/Nek5000-v17/core -I./ /lcrc/project/wall_bounded_flows/vpuri/Nek5000-v17/core/hmholtz.f -o obj/hmholtz.o
mpiifort -c  -O2 -O3 -xMIC-AVX512 -r8 -fpconstant -fpp -DMPI -DUNDERSCORE -DTIMER -I/lcrc/project/wall_bounded_flows/vpuri/Nek5000-v17/run/wavyWall/rww-nofilt/p4 -I/lcrc/project/wall_bounded_flows/vpuri/Nek5000-v17/core -I./ /lcrc/project/wall_bounded_flows/vpuri/Nek5000-v17/core/gfdm_par.f -o obj/gfdm_par.o
mpiifort -c  -O2 -O3 -xMIC-AVX512 -r8 -fpconstant -fpp -DMPI -DUNDERSCORE -DTIMER -I/lcrc/project/wall_bounded_flows/vpuri/Nek5000-v17/run/wavyWall/rww-nofilt/p4 -I/lcrc/project/wall_bounded_flows/vpuri/Nek5000-v17/core -I./ /lcrc/project/wall_bounded_flows/vpuri/Nek5000-v17/core/gfdm_op.f -o obj/gfdm_op.o
mpiifort -c  -O2 -O3 -xMIC-AVX512 -r8 -fpconstant -fpp -DMPI -DUNDERSCORE -DTIMER -I/lcrc/project/wall_bounded_flows/vpuri/Nek5000-v17/run/wavyWall/rww-nofilt/p4 -I/lcrc/project/wall_bounded_flows/vpuri/Nek5000-v17/core -I./ /lcrc/project/wall_bounded_flows/vpuri/Nek5000-v17/core/gfdm_solve.f -o obj/gfdm_solve.o
mpiifort -c  -O2 -O3 -xMIC-AVX512 -r8 -fpconstant -fpp -DMPI -DUNDERSCORE -DTIMER -I/lcrc/project/wall_bounded_flows/vpuri/Nek5000-v17/run/wavyWall/rww-nofilt/p4 -I/lcrc/project/wall_bounded_flows/vpuri/Nek5000-v17/core -I./ /lcrc/project/wall_bounded_flows/vpuri/Nek5000-v17/core/subs1.f -o obj/subs1.o
mpiifort -c  -O2 -O3 -xMIC-AVX512 -r8 -fpconstant -fpp -DMPI -DUNDERSCORE -DTIMER -I/lcrc/project/wall_bounded_flows/vpuri/Nek5000-v17/run/wavyWall/rww-nofilt/p4 -I/lcrc/project/wall_bounded_flows/vpuri/Nek5000-v17/core -I./ /lcrc/project/wall_bounded_flows/vpuri/Nek5000-v17/core/subs2.f -o obj/subs2.o
mpiifort -c  -O2 -O3 -xMIC-AVX512 -r8 -fpconstant -fpp -DMPI -DUNDERSCORE -DTIMER -I/lcrc/project/wall_bounded_flows/vpuri/Nek5000-v17/run/wavyWall/rww-nofilt/p4 -I/lcrc/project/wall_bounded_flows/vpuri/Nek5000-v17/core -I./ /lcrc/project/wall_bounded_flows/vpuri/Nek5000-v17/core/genbox.f -o obj/genbox.o
mpiifort -c  -O2 -O3 -xMIC-AVX512 -r8 -fpconstant -fpp -DMPI -DUNDERSCORE -DTIMER -I/lcrc/project/wall_bounded_flows/vpuri/Nek5000-v17/run/wavyWall/rww-nofilt/p4 -I/lcrc/project/wall_bounded_flows/vpuri/Nek5000-v17/core -I./ /lcrc/project/wall_bounded_flows/vpuri/Nek5000-v17/core/gmres.f -o obj/gmres.o
mpiifort -c  -O2 -O3 -xMIC-AVX512 -r8 -fpconstant -fpp -DMPI -DUNDERSCORE -DTIMER -I/lcrc/project/wall_bounded_flows/vpuri/Nek5000-v17/run/wavyWall/rww-nofilt/p4 -I/lcrc/project/wall_bounded_flows/vpuri/Nek5000-v17/core -I./ /lcrc/project/wall_bounded_flows/vpuri/Nek5000-v17/core/hsmg.f -o obj/hsmg.o
mpiifort -c  -O2 -O3 -xMIC-AVX512 -r8 -fpconstant -fpp -DMPI -DUNDERSCORE -DTIMER -I/lcrc/project/wall_bounded_flows/vpuri/Nek5000-v17/run/wavyWall/rww-nofilt/p4 -I/lcrc/project/wall_bounded_flows/vpuri/Nek5000-v17/core -I./ /lcrc/project/wall_bounded_flows/vpuri/Nek5000-v17/core/convect.f -o obj/convect.o
mpiifort -c  -O2 -O3 -xMIC-AVX512 -r8 -fpconstant -fpp -DMPI -DUNDERSCORE -DTIMER -I/lcrc/project/wall_bounded_flows/vpuri/Nek5000-v17/run/wavyWall/rww-nofilt/p4 -I/lcrc/project/wall_bounded_flows/vpuri/Nek5000-v17/core -I./ /lcrc/project/wall_bounded_flows/vpuri/Nek5000-v17/core/induct.f -o obj/induct.o
mpiifort -c  -O2 -O3 -xMIC-AVX512 -r8 -fpconstant -fpp -DMPI -DUNDERSCORE -DTIMER -I/lcrc/project/wall_bounded_flows/vpuri/Nek5000-v17/run/wavyWall/rww-nofilt/p4 -I/lcrc/project/wall_bounded_flows/vpuri/Nek5000-v17/core -I./ /lcrc/project/wall_bounded_flows/vpuri/Nek5000-v17/core/perturb.f -o obj/perturb.o
mpiifort -c  -O2 -O3 -xMIC-AVX512 -r8 -fpconstant -fpp -DMPI -DUNDERSCORE -DTIMER -I/lcrc/project/wall_bounded_flows/vpuri/Nek5000-v17/run/wavyWall/rww-nofilt/p4 -I/lcrc/project/wall_bounded_flows/vpuri/Nek5000-v17/core -I./ /lcrc/project/wall_bounded_flows/vpuri/Nek5000-v17/core/navier5.f -o obj/navier5.o
mpiifort -c  -O2 -O3 -xMIC-AVX512 -r8 -fpconstant -fpp -DMPI -DUNDERSCORE -DTIMER -I/lcrc/project/wall_bounded_flows/vpuri/Nek5000-v17/run/wavyWall/rww-nofilt/p4 -I/lcrc/project/wall_bounded_flows/vpuri/Nek5000-v17/core -I./ /lcrc/project/wall_bounded_flows/vpuri/Nek5000-v17/core/navier6.f -o obj/navier6.o
mpiifort -c  -O2 -O3 -xMIC-AVX512 -r8 -fpconstant -fpp -DMPI -DUNDERSCORE -DTIMER -I/lcrc/project/wall_bounded_flows/vpuri/Nek5000-v17/run/wavyWall/rww-nofilt/p4 -I/lcrc/project/wall_bounded_flows/vpuri/Nek5000-v17/core -I./ /lcrc/project/wall_bounded_flows/vpuri/Nek5000-v17/core/navier7.f -o obj/navier7.o
mpiifort -c  -O2 -O3 -xMIC-AVX512 -r8 -fpconstant -fpp -DMPI -DUNDERSCORE -DTIMER -I/lcrc/project/wall_bounded_flows/vpuri/Nek5000-v17/run/wavyWall/rww-nofilt/p4 -I/lcrc/project/wall_bounded_flows/vpuri/Nek5000-v17/core -I./ /lcrc/project/wall_bounded_flows/vpuri/Nek5000-v17/core/navier8.f -o obj/navier8.o
mpiifort -c  -O2 -O3 -xMIC-AVX512 -r8 -fpconstant -fpp -DMPI -DUNDERSCORE -DTIMER -I/lcrc/project/wall_bounded_flows/vpuri/Nek5000-v17/run/wavyWall/rww-nofilt/p4 -I/lcrc/project/wall_bounded_flows/vpuri/Nek5000-v17/core -I./ /lcrc/project/wall_bounded_flows/vpuri/Nek5000-v17/core/fast3d.f -o obj/fast3d.o
mpiifort -c  -O2 -O3 -xMIC-AVX512 -r8 -fpconstant -fpp -DMPI -DUNDERSCORE -DTIMER -I/lcrc/project/wall_bounded_flows/vpuri/Nek5000-v17/run/wavyWall/rww-nofilt/p4 -I/lcrc/project/wall_bounded_flows/vpuri/Nek5000-v17/core -I./ /lcrc/project/wall_bounded_flows/vpuri/Nek5000-v17/core/fasts.f -o obj/fasts.o
mpiifort -c  -O2 -O3 -xMIC-AVX512 -r8 -fpconstant -fpp -DMPI -DUNDERSCORE -DTIMER -I/lcrc/project/wall_bounded_flows/vpuri/Nek5000-v17/run/wavyWall/rww-nofilt/p4 -I/lcrc/project/wall_bounded_flows/vpuri/Nek5000-v17/core -I./ /lcrc/project/wall_bounded_flows/vpuri/Nek5000-v17/core/calcz.f -o obj/calcz.o
mpiicc -c  -O2 -O3 -xMIC-AVX512 -DMPI -DUNDERSCORE -DTIMER /lcrc/project/wall_bounded_flows/vpuri/Nek5000-v17/core/byte.c -o obj/byte.o
mpiicc -c  -O2 -O3 -xMIC-AVX512 -DMPI -DUNDERSCORE -DTIMER /lcrc/project/wall_bounded_flows/vpuri/Nek5000-v17/core/chelpers.c -o obj/chelpers.o
mpiifort -c  -O2 -O3 -xMIC-AVX512 -r8 -fpconstant -fpp -DMPI -DUNDERSCORE -DTIMER -I/lcrc/project/wall_bounded_flows/vpuri/Nek5000-v17/run/wavyWall/rww-nofilt/p4 -I/lcrc/project/wall_bounded_flows/vpuri/Nek5000-v17/core -I./ /lcrc/project/wall_bounded_flows/vpuri/Nek5000-v17/core/byte_mpi.f -o obj/byte_mpi.o
mpiifort -c  -O2 -O3 -xMIC-AVX512 -r8 -fpconstant -fpp -DMPI -DUNDERSCORE -DTIMER -I/lcrc/project/wall_bounded_flows/vpuri/Nek5000-v17/run/wavyWall/rww-nofilt/p4 -I/lcrc/project/wall_bounded_flows/vpuri/Nek5000-v17/core -I./ /lcrc/project/wall_bounded_flows/vpuri/Nek5000-v17/core/postpro.f -o obj/postpro.o
mpiifort -c  -O2 -O3 -xMIC-AVX512 -r8 -fpconstant -fpp -DMPI -DUNDERSCORE -DTIMER -I/lcrc/project/wall_bounded_flows/vpuri/Nek5000-v17/run/wavyWall/rww-nofilt/p4 -I/lcrc/project/wall_bounded_flows/vpuri/Nek5000-v17/core -I./ /lcrc/project/wall_bounded_flows/vpuri/Nek5000-v17/core/intp_usr.f -o obj/intp_usr.o
mpiifort -c  -O2 -O3 -xMIC-AVX512 -r8 -fpconstant -fpp -DMPI -DUNDERSCORE -DTIMER -I/lcrc/project/wall_bounded_flows/vpuri/Nek5000-v17/run/wavyWall/rww-nofilt/p4 -I/lcrc/project/wall_bounded_flows/vpuri/Nek5000-v17/core -I./ /lcrc/project/wall_bounded_flows/vpuri/Nek5000-v17/core/cvode_driver.f -o obj/cvode_driver.o
mpiicc -c  -O2 -O3 -xMIC-AVX512 -DMPI -DUNDERSCORE -DTIMER /lcrc/project/wall_bounded_flows/vpuri/Nek5000-v17/core/nek_comm.c -o obj/nek_comm.o
mpiifort -c  -O2 -O3 -xMIC-AVX512 -r8 -fpconstant -fpp -DMPI -DUNDERSCORE -DTIMER -I/lcrc/project/wall_bounded_flows/vpuri/Nek5000-v17/run/wavyWall/rww-nofilt/p4 -I/lcrc/project/wall_bounded_flows/vpuri/Nek5000-v17/core -I./ /lcrc/project/wall_bounded_flows/vpuri/Nek5000-v17/core/vprops.f -o obj/vprops.o
mpiifort -c  -O2 -O3 -xMIC-AVX512 -r8 -fpconstant -fpp -DMPI -DUNDERSCORE -DTIMER -I/lcrc/project/wall_bounded_flows/vpuri/Nek5000-v17/run/wavyWall/rww-nofilt/p4 -I/lcrc/project/wall_bounded_flows/vpuri/Nek5000-v17/core -I./ /lcrc/project/wall_bounded_flows/vpuri/Nek5000-v17/core/makeq_aux.f -o obj/makeq_aux.o
mpiifort -c  -O2 -O3 -xMIC-AVX512 -r8 -fpconstant -fpp -DMPI -DUNDERSCORE -DTIMER -I/lcrc/project/wall_bounded_flows/vpuri/Nek5000-v17/run/wavyWall/rww-nofilt/p4 -I/lcrc/project/wall_bounded_flows/vpuri/Nek5000-v17/core -I./ /lcrc/project/wall_bounded_flows/vpuri/Nek5000-v17/core/papi.f -o obj/papi.o
mpiifort -c   -O2 -O3 -xMIC-AVX512 -r8 -fpconstant -fpp -DMPI -DUNDERSCORE -DTIMER -I/lcrc/project/wall_bounded_flows/vpuri/Nek5000-v17/run/wavyWall/rww-nofilt/p4 -I/lcrc/project/wall_bounded_flows/vpuri/Nek5000-v17/core -I./ /lcrc/project/wall_bounded_flows/vpuri/Nek5000-v17/core/3rd_party/nek_in_situ.f -o obj/nek_in_situ.o
mpiifort -c  -O2 -O3 -xMIC-AVX512 -r8 -fpconstant -fpp -DMPI -DUNDERSCORE -DTIMER -I/lcrc/project/wall_bounded_flows/vpuri/Nek5000-v17/run/wavyWall/rww-nofilt/p4 -I/lcrc/project/wall_bounded_flows/vpuri/Nek5000-v17/core -I./ /lcrc/project/wall_bounded_flows/vpuri/Nek5000-v17/core/reader_rea.f -o obj/reader_rea.o
mpiifort -c  -O2 -O3 -xMIC-AVX512 -r8 -fpconstant -fpp -DMPI -DUNDERSCORE -DTIMER -I/lcrc/project/wall_bounded_flows/vpuri/Nek5000-v17/run/wavyWall/rww-nofilt/p4 -I/lcrc/project/wall_bounded_flows/vpuri/Nek5000-v17/core -I./ /lcrc/project/wall_bounded_flows/vpuri/Nek5000-v17/core/reader_par.f -o obj/reader_par.o
mpiifort -c  -O2 -O3 -xMIC-AVX512 -r8 -fpconstant -fpp -DMPI -DUNDERSCORE -DTIMER -I/lcrc/project/wall_bounded_flows/vpuri/Nek5000-v17/run/wavyWall/rww-nofilt/p4 -I/lcrc/project/wall_bounded_flows/vpuri/Nek5000-v17/core -I./ /lcrc/project/wall_bounded_flows/vpuri/Nek5000-v17/core/reader_re2.f -o obj/reader_re2.o
mpiicc  -c  -O2 -O3 -xMIC-AVX512 -DMPI -DUNDERSCORE -DTIMER  /lcrc/project/wall_bounded_flows/vpuri/Nek5000-v17/core/3rd_party/finiparser.c -o obj/finiparser.o
/lcrc/project/wall_bounded_flows/vpuri/Nek5000-v17/core/reader_re2.f(61): remark #8291: Recommended relationship between field width 'W' and the number of fractional digits 'D' in this edit descriptor is 'W>=D+7'.
      if(nio.eq.0) write(6,'(A,1(1g8.2),A,/)')
-----------------------------------^
mpiicc  -c  -O2 -O3 -xMIC-AVX512 -DMPI -DUNDERSCORE -DTIMER  /lcrc/project/wall_bounded_flows/vpuri/Nek5000-v17/core/3rd_party/iniparser.c -o obj/iniparser.o
mpiicc  -c  -O2 -O3 -xMIC-AVX512 -DMPI -DUNDERSCORE -DTIMER  /lcrc/project/wall_bounded_flows/vpuri/Nek5000-v17/core/3rd_party/dictionary.c -o obj/dictionary.o
mpiifort -c  -O2 -O3 -xMIC-AVX512 -r8 -fpconstant -fpp -DMPI -DUNDERSCORE -DTIMER -I/lcrc/project/wall_bounded_flows/vpuri/Nek5000-v17/run/wavyWall/rww-nofilt/p4 -I/lcrc/project/wall_bounded_flows/vpuri/Nek5000-v17/core -I./ /lcrc/project/wall_bounded_flows/vpuri/Nek5000-v17/core/hpf.f -o obj/hpf.o
mpiifort -c  -O3 -O3 -xMIC-AVX512 -r8 -fpconstant -fpp -DMPI -DUNDERSCORE -DTIMER -I/lcrc/project/wall_bounded_flows/vpuri/Nek5000-v17/run/wavyWall/rww-nofilt/p4 -I/lcrc/project/wall_bounded_flows/vpuri/Nek5000-v17/core -I./ /lcrc/project/wall_bounded_flows/vpuri/Nek5000-v17/core/mxm_std.f -o obj/mxm_std.o
mpiifort -c  -O2 -O3 -xMIC-AVX512 -r8 -fpconstant -fpp -DMPI -DUNDERSCORE -DTIMER -I/lcrc/project/wall_bounded_flows/vpuri/Nek5000-v17/run/wavyWall/rww-nofilt/p4 -I/lcrc/project/wall_bounded_flows/vpuri/Nek5000-v17/core -I./ /lcrc/project/wall_bounded_flows/vpuri/Nek5000-v17/core/comm_mpi.f -o obj/comm_mpi.o
mpiifort -c  -O2 -O3 -xMIC-AVX512 -r8 -fpconstant -fpp -DMPI -DUNDERSCORE -DTIMER -I/lcrc/project/wall_bounded_flows/vpuri/Nek5000-v17/run/wavyWall/rww-nofilt/p4 -I/lcrc/project/wall_bounded_flows/vpuri/Nek5000-v17/core -I./ /lcrc/project/wall_bounded_flows/vpuri/Nek5000-v17/core/singlmesh.f -o obj/singlmesh.o
/lcrc/project/wall_bounded_flows/vpuri/Nek5000-v17/core/comm_mpi.f(89): remark #8291: Recommended relationship between field width 'W' and the number of fractional digits 'D' in this edit descriptor is 'W>=D+7'.
         WRITE(6,'(A,1pE8.2)') ' Timer accuracy      : ',edif
------------------------^
mpiifort -c  -O0 -DMPI -DUNDERSCORE -DTIMER /lcrc/project/wall_bounded_flows/vpuri/Nek5000-v17/core/3rd_party/blas.f -o obj/blas.o
mpiifort -c  -O0 -DMPI -DUNDERSCORE -DTIMER /lcrc/project/wall_bounded_flows/vpuri/Nek5000-v17/core/3rd_party/dsygv.f -o obj/dsygv.o
‘roughWavyWall.usr’ -> ‘roughWavyWall.f’
mpiifort -c  -O2 -O3 -xMIC-AVX512 -r8 -fpconstant -fpp -DMPI -DUNDERSCORE -DTIMER -I/lcrc/project/wall_bounded_flows/vpuri/Nek5000-v17/run/wavyWall/rww-nofilt/p4 -I/lcrc/project/wall_bounded_flows/vpuri/Nek5000-v17/core -I./ /lcrc/project/wall_bounded_flows/vpuri/Nek5000-v17/run/wavyWall/rww-nofilt/p4/roughWavyWall.f  -o obj/roughWavyWall.o 
mpiifort  -O2 -O3 -xMIC-AVX512 -r8 -fpconstant -fpp -DMPI -DUNDERSCORE -DTIMER -I/lcrc/project/wall_bounded_flows/vpuri/Nek5000-v17/run/wavyWall/rww-nofilt/p4 -I/lcrc/project/wall_bounded_flows/vpuri/Nek5000-v17/core -I./ -o nek5000 obj/roughWavyWall.o obj/drive.o obj/drive1.o obj/drive2.o obj/plan5.o obj/plan4.o obj/bdry.o obj/coef.o obj/conduct.o obj/connect1.o obj/connect2.o obj/dssum.o obj/edgec.o obj/eigsolv.o obj/gauss.o obj/genxyz.o obj/navier1.o obj/makeq.o obj/navier0.o obj/navier2.o obj/navier3.o obj/navier4.o obj/prepost.o obj/speclib.o obj/map2.o obj/mvmesh.o obj/ic.o obj/gfldr.o obj/ssolv.o obj/planx.o obj/math.o obj/mxm_wrapper.o obj/hmholtz.o obj/gfdm_par.o obj/gfdm_op.o obj/gfdm_solve.o obj/subs1.o obj/subs2.o obj/genbox.o obj/gmres.o obj/hsmg.o obj/convect.o obj/induct.o obj/perturb.o obj/navier5.o obj/navier6.o obj/navier7.o obj/navier8.o obj/fast3d.o obj/fasts.o obj/calcz.o obj/byte.o obj/chelpers.o obj/byte_mpi.o obj/postpro.o obj/intp_usr.o obj/cvode_driver.o obj/nek_comm.o obj/vprops.o obj/makeq_aux.o obj/papi.o obj/nek_in_situ.o obj/reader_rea.o obj/reader_par.o obj/reader_re2.o obj/finiparser.o obj/iniparser.o obj/dictionary.o obj/hpf.o obj/mxm_std.o obj/comm_mpi.o obj/singlmesh.o obj/blas.o obj/dsygv.o -L/lcrc/project/wall_bounded_flows/vpuri/Nek5000-v17/3rd_party/gslib/lib -lgs 

#############################################################
#                  Compilation successful!                  #
#############################################################
   text	   data	    bss	    dec	    hex	filename
7411263	 109808	1051182856	1058703927	3f1a8a37	nek5000


build 3rd-party software ...
‘roughWavyWall.usr’ -> ‘roughWavyWall.f’
mpiifort -c  -O2 -O3 -xMIC-AVX512 -r8 -fpconstant -fpp -DMPI -DUNDERSCORE -DTIMER -I/lcrc/project/wall_bounded_flows/vpuri/Nek5000-v17/run/wavyWall/rww-nofilt/p4 -I/lcrc/project/wall_bounded_flows/vpuri/Nek5000-v17/core -I./ /lcrc/project/wall_bounded_flows/vpuri/Nek5000-v17/run/wavyWall/rww-nofilt/p4/roughWavyWall.f  -o obj/roughWavyWall.o 
mpiifort  -O2 -O3 -xMIC-AVX512 -r8 -fpconstant -fpp -DMPI -DUNDERSCORE -DTIMER -I/lcrc/project/wall_bounded_flows/vpuri/Nek5000-v17/run/wavyWall/rww-nofilt/p4 -I/lcrc/project/wall_bounded_flows/vpuri/Nek5000-v17/core -I./ -o nek5000 obj/roughWavyWall.o obj/drive.o obj/drive1.o obj/drive2.o obj/plan5.o obj/plan4.o obj/bdry.o obj/coef.o obj/conduct.o obj/connect1.o obj/connect2.o obj/dssum.o obj/edgec.o obj/eigsolv.o obj/gauss.o obj/genxyz.o obj/navier1.o obj/makeq.o obj/navier0.o obj/navier2.o obj/navier3.o obj/navier4.o obj/prepost.o obj/speclib.o obj/map2.o obj/mvmesh.o obj/ic.o obj/gfldr.o obj/ssolv.o obj/planx.o obj/math.o obj/mxm_wrapper.o obj/hmholtz.o obj/gfdm_par.o obj/gfdm_op.o obj/gfdm_solve.o obj/subs1.o obj/subs2.o obj/genbox.o obj/gmres.o obj/hsmg.o obj/convect.o obj/induct.o obj/perturb.o obj/navier5.o obj/navier6.o obj/navier7.o obj/navier8.o obj/fast3d.o obj/fasts.o obj/calcz.o obj/byte.o obj/chelpers.o obj/byte_mpi.o obj/postpro.o obj/intp_usr.o obj/cvode_driver.o obj/nek_comm.o obj/vprops.o obj/makeq_aux.o obj/papi.o obj/nek_in_situ.o obj/reader_rea.o obj/reader_par.o obj/reader_re2.o obj/finiparser.o obj/iniparser.o obj/dictionary.o obj/hpf.o obj/mxm_std.o obj/comm_mpi.o obj/singlmesh.o obj/blas.o obj/dsygv.o -L/lcrc/project/wall_bounded_flows/vpuri/Nek5000-v17/3rd_party/gslib/lib -lgs 

#############################################################
#                  Compilation successful!                  #
#############################################################
   text	   data	    bss	    dec	    hex	filename
7411263	 109808	1051182856	1058703927	3f1a8a37	nek5000


build 3rd-party software ...
‘roughWavyWall.usr’ -> ‘roughWavyWall.f’
mpiifort -c  -O2 -O3 -xMIC-AVX512 -r8 -fpconstant -fpp -DMPI -DUNDERSCORE -DTIMER -I/lcrc/project/wall_bounded_flows/vpuri/Nek5000-v17/run/wavyWall/rww-nofilt/p5 -I/lcrc/project/wall_bounded_flows/vpuri/Nek5000-v17/core -I./ /lcrc/project/wall_bounded_flows/vpuri/Nek5000-v17/run/wavyWall/rww-nofilt/p5/roughWavyWall.f  -o obj/roughWavyWall.o 
mpiifort  -O2 -O3 -xMIC-AVX512 -r8 -fpconstant -fpp -DMPI -DUNDERSCORE -DTIMER -I/lcrc/project/wall_bounded_flows/vpuri/Nek5000-v17/run/wavyWall/rww-nofilt/p5 -I/lcrc/project/wall_bounded_flows/vpuri/Nek5000-v17/core -I./ -o nek5000 obj/roughWavyWall.o obj/drive.o obj/drive1.o obj/drive2.o obj/plan5.o obj/plan4.o obj/bdry.o obj/coef.o obj/conduct.o obj/connect1.o obj/connect2.o obj/dssum.o obj/edgec.o obj/eigsolv.o obj/gauss.o obj/genxyz.o obj/navier1.o obj/makeq.o obj/navier0.o obj/navier2.o obj/navier3.o obj/navier4.o obj/prepost.o obj/speclib.o obj/map2.o obj/mvmesh.o obj/ic.o obj/gfldr.o obj/ssolv.o obj/planx.o obj/math.o obj/mxm_wrapper.o obj/hmholtz.o obj/gfdm_par.o obj/gfdm_op.o obj/gfdm_solve.o obj/subs1.o obj/subs2.o obj/genbox.o obj/gmres.o obj/hsmg.o obj/convect.o obj/induct.o obj/perturb.o obj/navier5.o obj/navier6.o obj/navier7.o obj/navier8.o obj/fast3d.o obj/fasts.o obj/calcz.o obj/byte.o obj/chelpers.o obj/byte_mpi.o obj/postpro.o obj/intp_usr.o obj/cvode_driver.o obj/nek_comm.o obj/vprops.o obj/makeq_aux.o obj/papi.o obj/nek_in_situ.o obj/reader_rea.o obj/reader_par.o obj/reader_re2.o obj/finiparser.o obj/iniparser.o obj/dictionary.o obj/hpf.o obj/mxm_std.o obj/comm_mpi.o obj/singlmesh.o obj/blas.o obj/dsygv.o -L/lcrc/project/wall_bounded_flows/vpuri/Nek5000-v17/3rd_party/gslib/lib -lgs 

#############################################################
#                  Compilation successful!                  #
#############################################################
   text	   data	    bss	    dec	    hex	filename
7411263	 109808	1051182856	1058703927	3f1a8a37	nek5000


build 3rd-party software ...
‘roughWavyWall.usr’ -> ‘roughWavyWall.f’
mpiifort -c  -O2 -O3 -xMIC-AVX512 -r8 -fpconstant -fpp -DMPI -DUNDERSCORE -DTIMER -I/lcrc/project/wall_bounded_flows/vpuri/Nek5000-v17/run/wavyWall/rww-nofilt/p5 -I/lcrc/project/wall_bounded_flows/vpuri/Nek5000-v17/core -I./ /lcrc/project/wall_bounded_flows/vpuri/Nek5000-v17/run/wavyWall/rww-nofilt/p5/roughWavyWall.f  -o obj/roughWavyWall.o 
mpiifort  -O2 -O3 -xMIC-AVX512 -r8 -fpconstant -fpp -DMPI -DUNDERSCORE -DTIMER -I/lcrc/project/wall_bounded_flows/vpuri/Nek5000-v17/run/wavyWall/rww-nofilt/p5 -I/lcrc/project/wall_bounded_flows/vpuri/Nek5000-v17/core -I./ -o nek5000 obj/roughWavyWall.o obj/drive.o obj/drive1.o obj/drive2.o obj/plan5.o obj/plan4.o obj/bdry.o obj/coef.o obj/conduct.o obj/connect1.o obj/connect2.o obj/dssum.o obj/edgec.o obj/eigsolv.o obj/gauss.o obj/genxyz.o obj/navier1.o obj/makeq.o obj/navier0.o obj/navier2.o obj/navier3.o obj/navier4.o obj/prepost.o obj/speclib.o obj/map2.o obj/mvmesh.o obj/ic.o obj/gfldr.o obj/ssolv.o obj/planx.o obj/math.o obj/mxm_wrapper.o obj/hmholtz.o obj/gfdm_par.o obj/gfdm_op.o obj/gfdm_solve.o obj/subs1.o obj/subs2.o obj/genbox.o obj/gmres.o obj/hsmg.o obj/convect.o obj/induct.o obj/perturb.o obj/navier5.o obj/navier6.o obj/navier7.o obj/navier8.o obj/fast3d.o obj/fasts.o obj/calcz.o obj/byte.o obj/chelpers.o obj/byte_mpi.o obj/postpro.o obj/intp_usr.o obj/cvode_driver.o obj/nek_comm.o obj/vprops.o obj/makeq_aux.o obj/papi.o obj/nek_in_situ.o obj/reader_rea.o obj/reader_par.o obj/reader_re2.o obj/finiparser.o obj/iniparser.o obj/dictionary.o obj/hpf.o obj/mxm_std.o obj/comm_mpi.o obj/singlmesh.o obj/blas.o obj/dsygv.o -L/lcrc/project/wall_bounded_flows/vpuri/Nek5000-v17/3rd_party/gslib/lib -lgs 

#############################################################
#                  Compilation successful!                  #
#############################################################
   text	   data	    bss	    dec	    hex	filename
7411263	 109808	1051182856	1058703927	3f1a8a37	nek5000


build 3rd-party software ...
‘roughWavyWall.usr’ -> ‘roughWavyWall.f’
mpiifort -c  -O2 -O3 -xMIC-AVX512 -r8 -fpconstant -fpp -DMPI -DUNDERSCORE -DTIMER -I/lcrc/project/wall_bounded_flows/vpuri/Nek5000-v17/run/wavyWall/rww-nofilt/p6 -I/lcrc/project/wall_bounded_flows/vpuri/Nek5000-v17/core -I./ /lcrc/project/wall_bounded_flows/vpuri/Nek5000-v17/run/wavyWall/rww-nofilt/p6/roughWavyWall.f  -o obj/roughWavyWall.o 
mpiifort  -O2 -O3 -xMIC-AVX512 -r8 -fpconstant -fpp -DMPI -DUNDERSCORE -DTIMER -I/lcrc/project/wall_bounded_flows/vpuri/Nek5000-v17/run/wavyWall/rww-nofilt/p6 -I/lcrc/project/wall_bounded_flows/vpuri/Nek5000-v17/core -I./ -o nek5000 obj/roughWavyWall.o obj/drive.o obj/drive1.o obj/drive2.o obj/plan5.o obj/plan4.o obj/bdry.o obj/coef.o obj/conduct.o obj/connect1.o obj/connect2.o obj/dssum.o obj/edgec.o obj/eigsolv.o obj/gauss.o obj/genxyz.o obj/navier1.o obj/makeq.o obj/navier0.o obj/navier2.o obj/navier3.o obj/navier4.o obj/prepost.o obj/speclib.o obj/map2.o obj/mvmesh.o obj/ic.o obj/gfldr.o obj/ssolv.o obj/planx.o obj/math.o obj/mxm_wrapper.o obj/hmholtz.o obj/gfdm_par.o obj/gfdm_op.o obj/gfdm_solve.o obj/subs1.o obj/subs2.o obj/genbox.o obj/gmres.o obj/hsmg.o obj/convect.o obj/induct.o obj/perturb.o obj/navier5.o obj/navier6.o obj/navier7.o obj/navier8.o obj/fast3d.o obj/fasts.o obj/calcz.o obj/byte.o obj/chelpers.o obj/byte_mpi.o obj/postpro.o obj/intp_usr.o obj/cvode_driver.o obj/nek_comm.o obj/vprops.o obj/makeq_aux.o obj/papi.o obj/nek_in_situ.o obj/reader_rea.o obj/reader_par.o obj/reader_re2.o obj/finiparser.o obj/iniparser.o obj/dictionary.o obj/hpf.o obj/mxm_std.o obj/comm_mpi.o obj/singlmesh.o obj/blas.o obj/dsygv.o -L/lcrc/project/wall_bounded_flows/vpuri/Nek5000-v17/3rd_party/gslib/lib -lgs 

#############################################################
#                  Compilation successful!                  #
#############################################################
   text	   data	    bss	    dec	    hex	filename
7411263	 109808	1051182856	1058703927	3f1a8a37	nek5000


build 3rd-party software ...
‘roughWavyWall.usr’ -> ‘roughWavyWall.f’
mpiifort -c  -O2 -O3 -xMIC-AVX512 -r8 -fpconstant -fpp -DMPI -DUNDERSCORE -DTIMER -I/lcrc/project/wall_bounded_flows/vpuri/Nek5000-v17/run/wavyWall/rww-nofilt/p6 -I/lcrc/project/wall_bounded_flows/vpuri/Nek5000-v17/core -I./ /lcrc/project/wall_bounded_flows/vpuri/Nek5000-v17/run/wavyWall/rww-nofilt/p6/roughWavyWall.f  -o obj/roughWavyWall.o 
mpiifort  -O2 -O3 -xMIC-AVX512 -r8 -fpconstant -fpp -DMPI -DUNDERSCORE -DTIMER -I/lcrc/project/wall_bounded_flows/vpuri/Nek5000-v17/run/wavyWall/rww-nofilt/p6 -I/lcrc/project/wall_bounded_flows/vpuri/Nek5000-v17/core -I./ -o nek5000 obj/roughWavyWall.o obj/drive.o obj/drive1.o obj/drive2.o obj/plan5.o obj/plan4.o obj/bdry.o obj/coef.o obj/conduct.o obj/connect1.o obj/connect2.o obj/dssum.o obj/edgec.o obj/eigsolv.o obj/gauss.o obj/genxyz.o obj/navier1.o obj/makeq.o obj/navier0.o obj/navier2.o obj/navier3.o obj/navier4.o obj/prepost.o obj/speclib.o obj/map2.o obj/mvmesh.o obj/ic.o obj/gfldr.o obj/ssolv.o obj/planx.o obj/math.o obj/mxm_wrapper.o obj/hmholtz.o obj/gfdm_par.o obj/gfdm_op.o obj/gfdm_solve.o obj/subs1.o obj/subs2.o obj/genbox.o obj/gmres.o obj/hsmg.o obj/convect.o obj/induct.o obj/perturb.o obj/navier5.o obj/navier6.o obj/navier7.o obj/navier8.o obj/fast3d.o obj/fasts.o obj/calcz.o obj/byte.o obj/chelpers.o obj/byte_mpi.o obj/postpro.o obj/intp_usr.o obj/cvode_driver.o obj/nek_comm.o obj/vprops.o obj/makeq_aux.o obj/papi.o obj/nek_in_situ.o obj/reader_rea.o obj/reader_par.o obj/reader_re2.o obj/finiparser.o obj/iniparser.o obj/dictionary.o obj/hpf.o obj/mxm_std.o obj/comm_mpi.o obj/singlmesh.o obj/blas.o obj/dsygv.o -L/lcrc/project/wall_bounded_flows/vpuri/Nek5000-v17/3rd_party/gslib/lib -lgs 

#############################################################
#                  Compilation successful!                  #
#############################################################
   text	   data	    bss	    dec	    hex	filename
7411455	 109808	1051182856	1058704119	3f1a8af7	nek5000


build 3rd-party software ...
‘roughWavyWall.usr’ -> ‘roughWavyWall.f’
mpiifort -c  -O2 -O3 -xMIC-AVX512 -r8 -fpconstant -fpp -DMPI -DUNDERSCORE -DTIMER -I/lcrc/project/wall_bounded_flows/vpuri/Nek5000-v17/run/wavyWall/rww-nofilt/p7 -I/lcrc/project/wall_bounded_flows/vpuri/Nek5000-v17/core -I./ /lcrc/project/wall_bounded_flows/vpuri/Nek5000-v17/run/wavyWall/rww-nofilt/p7/roughWavyWall.f  -o obj/roughWavyWall.o 
build 3rd-party software ...
‘roughWavyWall.usr’ -> ‘roughWavyWall.f’
mpiifort -c  -O2 -O3 -xMIC-AVX512 -r8 -fpconstant -fpp -DMPI -DUNDERSCORE -DTIMER -I/lcrc/project/wall_bounded_flows/vpuri/Nek5000-v17/run/wavyWall/rww-nofilt/p7 -I/lcrc/project/wall_bounded_flows/vpuri/Nek5000-v17/core -I./ /lcrc/project/wall_bounded_flows/vpuri/Nek5000-v17/run/wavyWall/rww-nofilt/p7/roughWavyWall.f  -o obj/roughWavyWall.o 
mpiifort  -O2 -O3 -xMIC-AVX512 -r8 -fpconstant -fpp -DMPI -DUNDERSCORE -DTIMER -I/lcrc/project/wall_bounded_flows/vpuri/Nek5000-v17/run/wavyWall/rww-nofilt/p7 -I/lcrc/project/wall_bounded_flows/vpuri/Nek5000-v17/core -I./ -o nek5000 obj/roughWavyWall.o obj/drive.o obj/drive1.o obj/drive2.o obj/plan5.o obj/plan4.o obj/bdry.o obj/coef.o obj/conduct.o obj/connect1.o obj/connect2.o obj/dssum.o obj/edgec.o obj/eigsolv.o obj/gauss.o obj/genxyz.o obj/navier1.o obj/makeq.o obj/navier0.o obj/navier2.o obj/navier3.o obj/navier4.o obj/prepost.o obj/speclib.o obj/map2.o obj/mvmesh.o obj/ic.o obj/gfldr.o obj/ssolv.o obj/planx.o obj/math.o obj/mxm_wrapper.o obj/hmholtz.o obj/gfdm_par.o obj/gfdm_op.o obj/gfdm_solve.o obj/subs1.o obj/subs2.o obj/genbox.o obj/gmres.o obj/hsmg.o obj/convect.o obj/induct.o obj/perturb.o obj/navier5.o obj/navier6.o obj/navier7.o obj/navier8.o obj/fast3d.o obj/fasts.o obj/calcz.o obj/byte.o obj/chelpers.o obj/byte_mpi.o obj/postpro.o obj/intp_usr.o obj/cvode_driver.o obj/nek_comm.o obj/vprops.o obj/makeq_aux.o obj/papi.o obj/nek_in_situ.o obj/reader_rea.o obj/reader_par.o obj/reader_re2.o obj/finiparser.o obj/iniparser.o obj/dictionary.o obj/hpf.o obj/mxm_std.o obj/comm_mpi.o obj/singlmesh.o obj/blas.o obj/dsygv.o -L/lcrc/project/wall_bounded_flows/vpuri/Nek5000-v17/3rd_party/gslib/lib -lgs 

#############################################################
#                  Compilation successful!                  #
#############################################################
   text	   data	    bss	    dec	    hex	filename
7411455	 109808	1051182856	1058704119	3f1a8af7	nek5000


build 3rd-party software ...
‘roughWavyWall.usr’ -> ‘roughWavyWall.f’
mpiifort -c  -O2 -O3 -xMIC-AVX512 -r8 -fpconstant -fpp -DMPI -DUNDERSCORE -DTIMER -I/lcrc/project/wall_bounded_flows/vpuri/Nek5000-v17/run/wavyWall/rww-nofilt/p7 -I/lcrc/project/wall_bounded_flows/vpuri/Nek5000-v17/core -I./ /lcrc/project/wall_bounded_flows/vpuri/Nek5000-v17/run/wavyWall/rww-nofilt/p7/roughWavyWall.f  -o obj/roughWavyWall.o 
mpiifort  -O2 -O3 -xMIC-AVX512 -r8 -fpconstant -fpp -DMPI -DUNDERSCORE -DTIMER -I/lcrc/project/wall_bounded_flows/vpuri/Nek5000-v17/run/wavyWall/rww-nofilt/p7 -I/lcrc/project/wall_bounded_flows/vpuri/Nek5000-v17/core -I./ -o nek5000 obj/roughWavyWall.o obj/drive.o obj/drive1.o obj/drive2.o obj/plan5.o obj/plan4.o obj/bdry.o obj/coef.o obj/conduct.o obj/connect1.o obj/connect2.o obj/dssum.o obj/edgec.o obj/eigsolv.o obj/gauss.o obj/genxyz.o obj/navier1.o obj/makeq.o obj/navier0.o obj/navier2.o obj/navier3.o obj/navier4.o obj/prepost.o obj/speclib.o obj/map2.o obj/mvmesh.o obj/ic.o obj/gfldr.o obj/ssolv.o obj/planx.o obj/math.o obj/mxm_wrapper.o obj/hmholtz.o obj/gfdm_par.o obj/gfdm_op.o obj/gfdm_solve.o obj/subs1.o obj/subs2.o obj/genbox.o obj/gmres.o obj/hsmg.o obj/convect.o obj/induct.o obj/perturb.o obj/navier5.o obj/navier6.o obj/navier7.o obj/navier8.o obj/fast3d.o obj/fasts.o obj/calcz.o obj/byte.o obj/chelpers.o obj/byte_mpi.o obj/postpro.o obj/intp_usr.o obj/cvode_driver.o obj/nek_comm.o obj/vprops.o obj/makeq_aux.o obj/papi.o obj/nek_in_situ.o obj/reader_rea.o obj/reader_par.o obj/reader_re2.o obj/finiparser.o obj/iniparser.o obj/dictionary.o obj/hpf.o obj/mxm_std.o obj/comm_mpi.o obj/singlmesh.o obj/blas.o obj/dsygv.o -L/lcrc/project/wall_bounded_flows/vpuri/Nek5000-v17/3rd_party/gslib/lib -lgs 

#############################################################
#                  Compilation successful!                  #
#############################################################
   text	   data	    bss	    dec	    hex	filename
7411455	 109808	1051182856	1058704119	3f1a8af7	nek5000


